{"logTime": "0727/143417", "correlationVector":"+E+Nuy7x1BjCbtXp7YLY4i.1","action":"SyncServerConnectionManagerRequest", "result":"SYNC_SERVER_OK", "context":{"environment":"Prod_southeastasia_prod-s01-065-apac-southeastasia", "migrationStage":"NotStarted", "server":"akswtt00900001s"}}
{"logTime": "0727/143417", "correlationVector":"+E+Nuy7x1BjCbtXp7YLY4i.2","action":"ProcessGetUpdates", "result":"Done", "context":{"dataType":"Encryption Keys", "deleted":"0", "process_failed_to_decrypt":"0", "process_pending_decryption":"0", "process_success":"1", "total":"1"}}
{"logTime": "0727/143417", "correlationVector":"ceHzGBkseZvwaIkqjJC6Ac","action":"SyncServerConnectionManagerRequest", "result":"SYNC_SERVER_OK", "context":{"environment":"", "migrationStage":"", "server":""}}
{"logTime": "0727/143417", "correlationVector":"ceHzGBkseZvwaIkqjJC6Ac.0","action":"EncryptionKeysFetcher.DownloadKeys:", "result":"Success", "context":Key count: 1, Last key timestamp: 2025-06-21T10:22:28Z}
{"logTime": "0727/143417", "correlationVector":"ceHzGBkseZvwaIkqjJC6Ac.1","action":"EncryptionKeysManager::SetEncryptionKeys:", "result":"Success", "context":Key names[1]:[yggcJcSqYtG7nea9lUYahZmeftc/zk4jvck0tzJWC7CUwD42BQyItS49xwUlKU6FscpBkTU8+j1hmaYtsmNtBA==]}
{"logTime": "0727/143417", "correlationVector":"ceHzGBkseZvwaIkqjJC6Ac.2","action":"EncryptionKeysManager::SetEncryptionKeysWithTimestamps:", "result":"Success", "context":Key timestamps[1]:[2025-06-21T10:22:28Z]}
{"logTime": "0727/143417", "correlationVector":"+E+Nuy7x1BjCbtXp7YLY4i","action":"Initial GetUpdates", "result":"", "context":Reason: NEW_CLIENT. cV=+E+Nuy7x1BjCbtXp7YLY4i}
{"logTime": "0727/143417", "correlationVector":"+E+Nuy7x1BjCbtXp7YLY4i.3","action":"GetUpdates Response", "result":"Success", "context":Received 1 update(s). cV=+E+Nuy7x1BjCbtXp7YLY4i.0;server=akswtt00900001s;cloudType=Consumer;environment=Prod_southeastasia_prod-s01-065-apac-southeastasia;migrationStage=NotStarted}
{"logTime": "0727/143417", "correlationVector":"kLQNsjUzErOZQCfPfoY6k3","action":"Initial GetUpdates", "result":"", "context":Reason: NEWLY_SUPPORTED_DATATYPE. cV=kLQNsjUzErOZQCfPfoY6k3}
{"logTime": "0727/143418", "correlationVector":"kLQNsjUzErOZQCfPfoY6k3.1","action":"SyncServerConnectionManagerRequest", "result":"SYNC_SERVER_OK", "context":{"environment":"Prod_southeastasia_prod-s01-065-apac-southeastasia", "migrationStage":"NotStarted", "server":"akswtt00900003s"}}
{"logTime": "0727/143418", "correlationVector":"kLQNsjUzErOZQCfPfoY6k3.2","action":"ProcessGetUpdates", "result":"Done", "context":{"dataType":"Preferences", "deleted":"0", "process_failed_to_decrypt":"0", "process_pending_decryption":"0", "process_success":"22", "total":"22"}}
{"logTime": "0727/143418", "correlationVector":"kLQNsjUzErOZQCfPfoY6k3.3","action":"ProcessGetUpdates", "result":"Done", "context":{"dataType":"Device Info", "deleted":"0", "process_failed_to_decrypt":"0", "process_pending_decryption":"0", "process_success":"8", "total":"8"}}
{"logTime": "0727/143418", "correlationVector":"kLQNsjUzErOZQCfPfoY6k3.4","action":"GetUpdates Response", "result":"Success", "context":Received 30 update(s). cV=kLQNsjUzErOZQCfPfoY6k3.0;server=akswtt00900003s;cloudType=Consumer;environment=Prod_southeastasia_prod-s01-065-apac-southeastasia;migrationStage=NotStarted}
{"logTime": "0727/143418", "correlationVector":"+NgXXCUJPi0IKOG2xQcF7i","action":"Initial GetUpdates", "result":"", "context":Reason: NEWLY_SUPPORTED_DATATYPE. cV=+NgXXCUJPi0IKOG2xQcF7i}
{"logTime": "0727/143418", "correlationVector":"+NgXXCUJPi0IKOG2xQcF7i.1","action":"SyncServerConnectionManagerRequest", "result":"SYNC_SERVER_OK", "context":{"environment":"Prod_southeastasia_prod-s01-065-apac-southeastasia", "migrationStage":"NotStarted", "server":"akswtt00900001b"}}
{"logTime": "0727/143418", "correlationVector":"+NgXXCUJPi0IKOG2xQcF7i.2","action":"ProcessGetUpdates", "result":"Done", "context":{"dataType":"Bookmarks", "deleted":"0", "process_failed_to_decrypt":"0", "process_pending_decryption":"0", "process_success":"5", "total":"5"}}
{"logTime": "0727/143418", "correlationVector":"+NgXXCUJPi0IKOG2xQcF7i.3","action":"GetUpdates Response", "result":"Success", "context":Received 5 update(s). cV=+NgXXCUJPi0IKOG2xQcF7i.0;server=akswtt00900001b;cloudType=Consumer;environment=Prod_southeastasia_prod-s01-065-apac-southeastasia;migrationStage=NotStarted}
{"logTime": "0727/143418", "correlationVector":"knHJQC2QvJD9PghgoTa0UG","action":"Initial GetUpdates", "result":"", "context":Reason: NEWLY_SUPPORTED_DATATYPE. cV=knHJQC2QvJD9PghgoTa0UG}
{"logTime": "0727/143418", "correlationVector":"knHJQC2QvJD9PghgoTa0UG.1","action":"SyncServerConnectionManagerRequest", "result":"SYNC_SERVER_OK", "context":{"environment":"Prod_southeastasia_prod-s01-065-apac-southeastasia", "migrationStage":"NotStarted", "server":"akswtt00900000g"}}
{"logTime": "0727/143418", "correlationVector":"knHJQC2QvJD9PghgoTa0UG.2","action":"ProcessGetUpdates", "result":"Done", "context":{"dataType":"Autofill", "deleted":"0", "process_failed_to_decrypt":"0", "process_pending_decryption":"0", "process_success":"1", "total":"1"}}
{"logTime": "0727/143418", "correlationVector":"knHJQC2QvJD9PghgoTa0UG.3","action":"ProcessGetUpdates", "result":"Done", "context":{"dataType":"Sessions", "deleted":"16", "process_failed_to_decrypt":"0", "process_pending_decryption":"0", "process_success":"32", "total":"32"}}
{"logTime": "0727/143418", "correlationVector":"knHJQC2QvJD9PghgoTa0UG.4","action":"ProcessGetUpdates", "result":"Done", "context":{"dataType":"Edge Hub App Usage", "deleted":"0", "process_failed_to_decrypt":"0", "process_pending_decryption":"0", "process_success":"5", "total":"5"}}
{"logTime": "0727/143418", "correlationVector":"knHJQC2QvJD9PghgoTa0UG.5","action":"GetUpdates Response", "result":"Success", "context":Received 38 update(s). cV=knHJQC2QvJD9PghgoTa0UG.0;server=akswtt00900000g;cloudType=Consumer;environment=Prod_southeastasia_prod-s01-065-apac-southeastasia;migrationStage=NotStarted}
{"logTime": "0727/143418", "correlationVector":"Mlp+eBQoCSmuHsU156oE8e","action":"Initial GetUpdates", "result":"", "context":Reason: NEWLY_SUPPORTED_DATATYPE. cV=Mlp+eBQoCSmuHsU156oE8e}
{"logTime": "0727/143419", "correlationVector":"Mlp+eBQoCSmuHsU156oE8e.1","action":"SyncServerConnectionManagerRequest", "result":"SYNC_SERVER_OK", "context":{"environment":"Prod_southeastasia_prod-s01-065-apac-southeastasia", "migrationStage":"NotStarted", "server":"akswtt00900001h"}}
{"logTime": "0727/143419", "correlationVector":"Mlp+eBQoCSmuHsU156oE8e.2","action":"ProcessGetUpdates", "result":"Done", "context":{"dataType":"History", "deleted":"0", "process_failed_to_decrypt":"0", "process_pending_decryption":"0", "process_success":"38", "total":"38"}}
{"logTime": "0727/143419", "correlationVector":"Mlp+eBQoCSmuHsU156oE8e.3","action":"GetUpdates Response", "result":"Success", "context":Received 38 update(s). cV=Mlp+eBQoCSmuHsU156oE8e.0;server=akswtt00900001h;cloudType=Consumer;environment=Prod_southeastasia_prod-s01-065-apac-southeastasia;migrationStage=NotStarted}
{"logTime": "0727/143419", "correlationVector":"eIEOI3085KAZ7NZaqfrt6+","action":"Normal GetUpdate request", "result":"", "context":cV=eIEOI3085KAZ7NZaqfrt6+
Nudged types: Sessions, Device Info, User Consents
Refresh requested types: Bookmarks, Preferences, Passwords, Autofill Profiles, Autofill, Extensions, Sessions, Extension settings, History Delete Directives, Device Info, User Consents, Send Tab To Self, Web Apps, History, Saved Tab Group, WebAuthn Credentials, Collection, Edge E Drop, Edge Hub App Usage, Edge Wallet, Encryption Keys}
{"logTime": "0727/143419", "correlationVector":"eIEOI3085KAZ7NZaqfrt6+.1","action":"SyncServerConnectionManagerRequest", "result":"SYNC_SERVER_OK", "context":{"environment":"Prod_southeastasia_prod-s01-065-apac-southeastasia", "migrationStage":"NotStarted", "server":"akswtt00900000p"}}
{"logTime": "0727/143419", "correlationVector":"eIEOI3085KAZ7NZaqfrt6+.2","action":"GetUpdates Response", "result":"Success", "context":Received 0 update(s). cV=eIEOI3085KAZ7NZaqfrt6+.0;server=akswtt00900000p;cloudType=Consumer;environment=Prod_southeastasia_prod-s01-065-apac-southeastasia;migrationStage=NotStarted}
{"logTime": "0727/143419", "correlationVector":"2UB44xIW6wPzMaQbT3Wg19","action":"DoCompareDataConsistency requsted types: ", "result":"Bookmarks, Preferences, Passwords, Extensions, Extension settings, History Delete Directives, Send Tab To Self, Web Apps, History, Saved Tab Group, WebAuthn Credentials, Collection, Edge E Drop, Edge Wallet, Encryption Keys"}
{"logTime": "0727/143419", "correlationVector":"2UB44xIW6wPzMaQbT3Wg19.0","action":"CompareDataConsistency result: ", "result":"Compare result: Encryption Keys is consistent. local entities count is: 1 local entities hash is: 5ulZIBZJLhfxvqfAcG7+EWTimTg="}
{"logTime": "0727/143419", "correlationVector":"2UB44xIW6wPzMaQbT3Wg19.1","action":"CompareDataConsistency result: ", "result":"Compare result: Bookmarks is consistent. local entities count is: 0 local entities hash is: "}
{"logTime": "0727/143419", "correlationVector":"2UB44xIW6wPzMaQbT3Wg19.2","action":"CompareDataConsistency result: ", "result":"Compare result: Preferences is consistent. local entities count is: 22 local entities hash is: C1eyBQp2Wc6l9BP5CLOgXpELtio="}
{"logTime": "0727/143419", "correlationVector":"2UB44xIW6wPzMaQbT3Wg19.3","action":"CompareDataConsistency result: ", "result":"Compare result: Extensions is consistent. local entities count is: 0 local entities hash is: "}
{"logTime": "0727/143419", "correlationVector":"2UB44xIW6wPzMaQbT3Wg19.4","action":"CompareDataConsistency result: ", "result":"Compare result: Extension settings is consistent. local entities count is: 0 local entities hash is: "}
{"logTime": "0727/143419", "correlationVector":"2UB44xIW6wPzMaQbT3Wg19.5","action":"CompareDataConsistency result: ", "result":"Compare result: History Delete Directives is consistent. local entities count is: 0 local entities hash is: "}
{"logTime": "0727/143419", "correlationVector":"2UB44xIW6wPzMaQbT3Wg19.6","action":"CompareDataConsistency result: ", "result":"Server did not send this Send Tab To Self local entities count is: 0 local entities hash is: "}
{"logTime": "0727/143419", "correlationVector":"2UB44xIW6wPzMaQbT3Wg19.7","action":"CompareDataConsistency result: ", "result":"Compare result: Web Apps is consistent. local entities count is: 0 local entities hash is: "}
{"logTime": "0727/143419", "correlationVector":"2UB44xIW6wPzMaQbT3Wg19.8","action":"CompareDataConsistency result: ", "result":"Server did not send this History local entities count is: 0 local entities hash is: "}
{"logTime": "0727/143419", "correlationVector":"2UB44xIW6wPzMaQbT3Wg19.9","action":"CompareDataConsistency result: ", "result":"Compare result: Saved Tab Group is consistent. local entities count is: 0 local entities hash is: "}
{"logTime": "0727/143419", "correlationVector":"2UB44xIW6wPzMaQbT3Wg19.10","action":"CompareDataConsistency result: ", "result":"Server did not send this WebAuthn Credentials local entities count is: 0 local entities hash is: "}
{"logTime": "0727/143419", "correlationVector":"2UB44xIW6wPzMaQbT3Wg19.11","action":"CompareDataConsistency result: ", "result":"Compare result: Collection is consistent. local entities count is: 0 local entities hash is: "}
{"logTime": "0727/143419", "correlationVector":"2UB44xIW6wPzMaQbT3Wg19.12","action":"CompareDataConsistency result: ", "result":"Compare result: Edge E Drop is consistent. local entities count is: 0 local entities hash is: "}
{"logTime": "0727/143419", "correlationVector":"2UB44xIW6wPzMaQbT3Wg19.13","action":"CompareDataConsistency result: ", "result":"Compare result: Edge Wallet is consistent. local entities count is: 0 local entities hash is: "}
{"logTime": "0727/143419", "correlationVector":"2UB44xIW6wPzMaQbT3Wg19.14","action":"CompareDataConsistency result: ", "result":"Compare result: Passwords is consistent. local entities count is: 0 local entities hash is: "}
{"logTime": "0727/143419", "correlationVector":"F6wEJfMOayHuNRFkOAn1Kt","action":"Commit Request", "result":"", "context":Item count: 6
Contributing types: Sessions, Device Info, User Consents, Edge Hub App Usage}
{"logTime": "0727/143420", "correlationVector":"F6wEJfMOayHuNRFkOAn1Kt.1","action":"SyncServerConnectionManagerRequest", "result":"SYNC_SERVER_OK", "context":{"environment":"Prod_southeastasia_prod-s01-065-apac-southeastasia", "migrationStage":"NotStarted", "server":"akswtt00900000i"}}
{"logTime": "0727/143420", "correlationVector":"F6wEJfMOayHuNRFkOAn1Kt.2","action":"Commit Response", "result":"Success", "context":Result: Success. cV=F6wEJfMOayHuNRFkOAn1Kt.0;server=akswtt00900000i;cloudType=Consumer;environment=Prod_southeastasia_prod-s01-065-apac-southeastasia;migrationStage=NotStarted}
{"logTime": "0727/143420", "correlationVector":"","action":"DIAGNOSTIC_REQUEST|v1/diagnosticData/Diagnostic.SendCheckResult()|SUCCESS", "result":""}
{"logTime": "0727/143443", "correlationVector":"/hT7+O2c7u3qYni8hBrFZc","action":"Commit Request", "result":"", "context":Item count: 3
Contributing types: Preferences, Sessions, History}
{"logTime": "0727/143444", "correlationVector":"/hT7+O2c7u3qYni8hBrFZc.1","action":"SyncServerConnectionManagerRequest", "result":"SYNC_SERVER_OK", "context":{"environment":"Prod_southeastasia_prod-s01-065-apac-southeastasia", "migrationStage":"NotStarted", "server":"akswtt00900003q"}}
{"logTime": "0727/143444", "correlationVector":"/hT7+O2c7u3qYni8hBrFZc.2","action":"Commit Response", "result":"Success", "context":Result: Success. cV=/hT7+O2c7u3qYni8hBrFZc.0;server=akswtt00900003q;cloudType=Consumer;environment=Prod_southeastasia_prod-s01-065-apac-southeastasia;migrationStage=NotStarted}
{"logTime": "0727/144337", "correlationVector":"CQoubNxeIiw1x5c4jlJ4BL.1","action":"SyncServerConnectionManagerRequest", "result":"SYNC_SERVER_OK", "context":{"environment":"Prod_southeastasia_prod-s01-065-apac-southeastasia", "migrationStage":"NotStarted", "server":"akswtt00900002e"}}
{"logTime": "0727/144337", "correlationVector":"CQoubNxeIiw1x5c4jlJ4BL.2","action":"ProcessGetUpdates", "result":"Done", "context":{"dataType":"Encryption Keys", "deleted":"0", "process_failed_to_decrypt":"0", "process_pending_decryption":"0", "process_success":"1", "total":"1"}}
{"logTime": "0727/144338", "correlationVector":"tfABdVHfOL61vv299R9EdJ","action":"SyncServerConnectionManagerRequest", "result":"SYNC_SERVER_OK", "context":{"environment":"", "migrationStage":"", "server":""}}
{"logTime": "0727/144338", "correlationVector":"tfABdVHfOL61vv299R9EdJ.0","action":"EncryptionKeysFetcher.DownloadKeys:", "result":"Success", "context":Key count: 1, Last key timestamp: 2025-06-21T10:22:28Z}
{"logTime": "0727/144338", "correlationVector":"tfABdVHfOL61vv299R9EdJ.1","action":"EncryptionKeysManager::SetEncryptionKeys:", "result":"Success", "context":Key names[1]:[yggcJcSqYtG7nea9lUYahZmeftc/zk4jvck0tzJWC7CUwD42BQyItS49xwUlKU6FscpBkTU8+j1hmaYtsmNtBA==]}
{"logTime": "0727/144338", "correlationVector":"tfABdVHfOL61vv299R9EdJ.2","action":"EncryptionKeysManager::SetEncryptionKeysWithTimestamps:", "result":"Success", "context":Key timestamps[1]:[2025-06-21T10:22:28Z]}
{"logTime": "0727/144338", "correlationVector":"CQoubNxeIiw1x5c4jlJ4BL","action":"Initial GetUpdates", "result":"", "context":Reason: NEW_CLIENT. cV=CQoubNxeIiw1x5c4jlJ4BL}
{"logTime": "0727/144338", "correlationVector":"CQoubNxeIiw1x5c4jlJ4BL.3","action":"GetUpdates Response", "result":"Success", "context":Received 1 update(s). cV=CQoubNxeIiw1x5c4jlJ4BL.0;server=akswtt00900002e;cloudType=Consumer;environment=Prod_southeastasia_prod-s01-065-apac-southeastasia;migrationStage=NotStarted}
{"logTime": "0727/144338", "correlationVector":"eF/kDERrpOQQm6YuHDM+Ae","action":"Normal GetUpdate request", "result":"", "context":cV=eF/kDERrpOQQm6YuHDM+Ae
Nudged types: Sessions, History
Refresh requested types: Bookmarks, Preferences, Passwords, Autofill Profiles, Autofill, Extensions, Sessions, Extension settings, History Delete Directives, Device Info, User Consents, Send Tab To Self, Web Apps, History, Saved Tab Group, WebAuthn Credentials, Collection, Edge E Drop, Edge Hub App Usage, Edge Wallet, Encryption Keys}
{"logTime": "0727/144338", "correlationVector":"eF/kDERrpOQQm6YuHDM+Ae.1","action":"SyncServerConnectionManagerRequest", "result":"SYNC_SERVER_OK", "context":{"environment":"Prod_southeastasia_prod-s01-065-apac-southeastasia", "migrationStage":"NotStarted", "server":"akswtt00900001m"}}
{"logTime": "0727/144338", "correlationVector":"eF/kDERrpOQQm6YuHDM+Ae.2","action":"ProcessGetUpdates", "result":"Done", "context":{"dataType":"Preferences", "deleted":"0", "process_failed_to_decrypt":"0", "process_pending_decryption":"0", "process_success":"1", "total":"1"}}
{"logTime": "0727/144338", "correlationVector":"eF/kDERrpOQQm6YuHDM+Ae.3","action":"ProcessGetUpdates", "result":"Done", "context":{"dataType":"Sessions", "deleted":"1", "process_failed_to_decrypt":"0", "process_pending_decryption":"0", "process_success":"4", "total":"4"}}
{"logTime": "0727/144338", "correlationVector":"eF/kDERrpOQQm6YuHDM+Ae.4","action":"ProcessGetUpdates", "result":"Done", "context":{"dataType":"Device Info", "deleted":"0", "process_failed_to_decrypt":"0", "process_pending_decryption":"0", "process_success":"1", "total":"1"}}
{"logTime": "0727/144338", "correlationVector":"eF/kDERrpOQQm6YuHDM+Ae.5","action":"ProcessGetUpdates", "result":"Done", "context":{"dataType":"History", "deleted":"0", "process_failed_to_decrypt":"0", "process_pending_decryption":"0", "process_success":"3", "total":"3"}}
{"logTime": "0727/144338", "correlationVector":"eF/kDERrpOQQm6YuHDM+Ae.6","action":"ProcessGetUpdates", "result":"Done", "context":{"dataType":"Edge Hub App Usage", "deleted":"0", "process_failed_to_decrypt":"0", "process_pending_decryption":"0", "process_success":"1", "total":"1"}}
{"logTime": "0727/144338", "correlationVector":"eF/kDERrpOQQm6YuHDM+Ae.7","action":"GetUpdates Response", "result":"Success", "context":Received 10 update(s). cV=eF/kDERrpOQQm6YuHDM+Ae.0;server=akswtt00900001m;cloudType=Consumer;environment=Prod_southeastasia_prod-s01-065-apac-southeastasia;migrationStage=NotStarted}
{"logTime": "0727/144338", "correlationVector":"XvHw/kJzEQrDguxAhQfcHV","action":"Commit Request", "result":"", "context":Item count: 2
Contributing types: Sessions, History}
{"logTime": "0727/144339", "correlationVector":"XvHw/kJzEQrDguxAhQfcHV.1","action":"SyncServerConnectionManagerRequest", "result":"SYNC_SERVER_OK", "context":{"environment":"Prod_southeastasia_prod-s01-065-apac-southeastasia", "migrationStage":"NotStarted", "server":"akswtt00900003a"}}
{"logTime": "0727/144339", "correlationVector":"XvHw/kJzEQrDguxAhQfcHV.2","action":"Commit Response", "result":"Success", "context":Result: Success. cV=XvHw/kJzEQrDguxAhQfcHV.0;server=akswtt00900003a;cloudType=Consumer;environment=Prod_southeastasia_prod-s01-065-apac-southeastasia;migrationStage=NotStarted}
{"logTime": "0727/144926", "correlationVector":"yM03qgr7nk/wtoMzmw1lLS.1","action":"SyncServerConnectionManagerRequest", "result":"SYNC_SERVER_OK", "context":{"environment":"Prod_southeastasia_prod-s01-065-apac-southeastasia", "migrationStage":"NotStarted", "server":"akswtt009000014"}}
{"logTime": "0727/144926", "correlationVector":"yM03qgr7nk/wtoMzmw1lLS.2","action":"ProcessGetUpdates", "result":"Done", "context":{"dataType":"Encryption Keys", "deleted":"0", "process_failed_to_decrypt":"0", "process_pending_decryption":"0", "process_success":"1", "total":"1"}}
{"logTime": "0727/144927", "correlationVector":"1qBlVXS2cxw4aU/M4hpmX3","action":"SyncServerConnectionManagerRequest", "result":"SYNC_SERVER_OK", "context":{"environment":"", "migrationStage":"", "server":""}}
{"logTime": "0727/144927", "correlationVector":"1qBlVXS2cxw4aU/M4hpmX3.0","action":"EncryptionKeysFetcher.DownloadKeys:", "result":"Success", "context":Key count: 1, Last key timestamp: 2025-06-21T10:22:28Z}
{"logTime": "0727/144927", "correlationVector":"1qBlVXS2cxw4aU/M4hpmX3.1","action":"EncryptionKeysManager::SetEncryptionKeys:", "result":"Success", "context":Key names[1]:[yggcJcSqYtG7nea9lUYahZmeftc/zk4jvck0tzJWC7CUwD42BQyItS49xwUlKU6FscpBkTU8+j1hmaYtsmNtBA==]}
{"logTime": "0727/144927", "correlationVector":"1qBlVXS2cxw4aU/M4hpmX3.2","action":"EncryptionKeysManager::SetEncryptionKeysWithTimestamps:", "result":"Success", "context":Key timestamps[1]:[2025-06-21T10:22:28Z]}
{"logTime": "0727/144927", "correlationVector":"yM03qgr7nk/wtoMzmw1lLS","action":"Initial GetUpdates", "result":"", "context":Reason: NEW_CLIENT. cV=yM03qgr7nk/wtoMzmw1lLS}
{"logTime": "0727/144927", "correlationVector":"yM03qgr7nk/wtoMzmw1lLS.3","action":"GetUpdates Response", "result":"Success", "context":Received 1 update(s). cV=yM03qgr7nk/wtoMzmw1lLS.0;server=akswtt009000014;cloudType=Consumer;environment=Prod_southeastasia_prod-s01-065-apac-southeastasia;migrationStage=NotStarted}
{"logTime": "0727/144927", "correlationVector":"Ywk/wmcwmHfKQh59Bn6879","action":"Normal GetUpdate request", "result":"", "context":cV=Ywk/wmcwmHfKQh59Bn6879
Nudged types: Sessions, History
Refresh requested types: Bookmarks, Preferences, Passwords, Autofill Profiles, Autofill, Extensions, Sessions, Extension settings, History Delete Directives, Device Info, User Consents, Send Tab To Self, Web Apps, History, Saved Tab Group, WebAuthn Credentials, Collection, Edge E Drop, Edge Hub App Usage, Edge Wallet, Encryption Keys}
{"logTime": "0727/144927", "correlationVector":"Ywk/wmcwmHfKQh59Bn6879.1","action":"SyncServerConnectionManagerRequest", "result":"SYNC_SERVER_OK", "context":{"environment":"Prod_southeastasia_prod-s01-065-apac-southeastasia", "migrationStage":"NotStarted", "server":"akswtt00900002h"}}
{"logTime": "0727/144927", "correlationVector":"Ywk/wmcwmHfKQh59Bn6879.2","action":"ProcessGetUpdates", "result":"Done", "context":{"dataType":"Sessions", "deleted":"0", "process_failed_to_decrypt":"0", "process_pending_decryption":"0", "process_success":"1", "total":"1"}}
{"logTime": "0727/144927", "correlationVector":"Ywk/wmcwmHfKQh59Bn6879.3","action":"ProcessGetUpdates", "result":"Done", "context":{"dataType":"History", "deleted":"0", "process_failed_to_decrypt":"0", "process_pending_decryption":"0", "process_success":"1", "total":"1"}}
{"logTime": "0727/144927", "correlationVector":"Ywk/wmcwmHfKQh59Bn6879.4","action":"GetUpdates Response", "result":"Success", "context":Received 2 update(s). cV=Ywk/wmcwmHfKQh59Bn6879.0;server=akswtt00900002h;cloudType=Consumer;environment=Prod_southeastasia_prod-s01-065-apac-southeastasia;migrationStage=NotStarted}
{"logTime": "0727/144927", "correlationVector":"3PA/21AhgWLs4izd0UELPb","action":"Commit Request", "result":"", "context":Item count: 7
Contributing types: Sessions, History}
{"logTime": "0727/144928", "correlationVector":"3PA/21AhgWLs4izd0UELPb.1","action":"SyncServerConnectionManagerRequest", "result":"SYNC_SERVER_OK", "context":{"environment":"Prod_southeastasia_prod-s01-065-apac-southeastasia", "migrationStage":"NotStarted", "server":"akswtt00900003q"}}
{"logTime": "0727/144928", "correlationVector":"3PA/21AhgWLs4izd0UELPb.2","action":"Commit Response", "result":"Success", "context":Result: Success. cV=3PA/21AhgWLs4izd0UELPb.0;server=akswtt00900003q;cloudType=Consumer;environment=Prod_southeastasia_prod-s01-065-apac-southeastasia;migrationStage=NotStarted}
{"logTime": "0727/144928", "correlationVector":"3PA/21AhgWLs4izd0UELPb.3","action":"Commit.Sessions", "result":"Success", "context":{"id":"c1a2f425-42fd-4dd4-acb6-78d5a7b57db7", "isDeleted":"true", "size":"0", "version":"1753627058032"}}
{"logTime": "0727/145028", "correlationVector":"mUrPhV9pnuCoUeL66o/rwd","action":"Commit Request", "result":"", "context":Item count: 3
Contributing types: Sessions, History}
{"logTime": "0727/145028", "correlationVector":"mUrPhV9pnuCoUeL66o/rwd.1","action":"SyncServerConnectionManagerRequest", "result":"SYNC_SERVER_OK", "context":{"environment":"Prod_southeastasia_prod-s01-065-apac-southeastasia", "migrationStage":"NotStarted", "server":"akswtt00900001g"}}
{"logTime": "0727/145028", "correlationVector":"mUrPhV9pnuCoUeL66o/rwd.3","action":"Commit.Sessions", "result":"Success", "context":{"id":"7b7f5bf3-d46c-4930-a0f9-4dbaa53e4152", "isDeleted":"true", "size":"0", "version":"1753627768505"}}
{"logTime": "0727/145028", "correlationVector":"mUrPhV9pnuCoUeL66o/rwd.2","action":"Commit Response", "result":"Success", "context":Result: Success. cV=mUrPhV9pnuCoUeL66o/rwd.0;server=akswtt00900001g;cloudType=Consumer;environment=Prod_southeastasia_prod-s01-065-apac-southeastasia;migrationStage=NotStarted}
{"logTime": "0727/150038", "correlationVector":"IYqABffXz7qojgn4pLNdFd","action":"Normal GetUpdate request", "result":"", "context":cV=IYqABffXz7qojgn4pLNdFd
Notified types: Device Info}
{"logTime": "0727/150038", "correlationVector":"IYqABffXz7qojgn4pLNdFd.1","action":"SyncServerConnectionManagerRequest", "result":"SYNC_SERVER_OK", "context":{"environment":"Prod_southeastasia_prod-s01-065-apac-southeastasia", "migrationStage":"NotStarted", "server":"akswtt00900000v"}}
{"logTime": "0727/150038", "correlationVector":"IYqABffXz7qojgn4pLNdFd.2","action":"ProcessGetUpdates", "result":"Done", "context":{"dataType":"Sessions", "deleted":"2", "process_failed_to_decrypt":"0", "process_pending_decryption":"0", "process_success":"6", "total":"6"}}
{"logTime": "0727/150038", "correlationVector":"IYqABffXz7qojgn4pLNdFd.3","action":"ProcessGetUpdates", "result":"Done", "context":{"dataType":"Device Info", "deleted":"0", "process_failed_to_decrypt":"0", "process_pending_decryption":"0", "process_success":"1", "total":"1"}}
{"logTime": "0727/150038", "correlationVector":"IYqABffXz7qojgn4pLNdFd.4","action":"ProcessGetUpdates", "result":"Done", "context":{"dataType":"History", "deleted":"0", "process_failed_to_decrypt":"0", "process_pending_decryption":"0", "process_success":"3", "total":"3"}}
{"logTime": "0727/150038", "correlationVector":"IYqABffXz7qojgn4pLNdFd.5","action":"GetUpdates Response", "result":"Success", "context":Received 10 update(s). cV=IYqABffXz7qojgn4pLNdFd.0;server=akswtt00900000v;cloudType=Consumer;environment=Prod_southeastasia_prod-s01-065-apac-southeastasia;migrationStage=NotStarted}
{"logTime": "0727/150139", "correlationVector":"exAJoYIThwks7h+iECgqZC","action":"Normal GetUpdate request", "result":"", "context":cV=exAJoYIThwks7h+iECgqZC
Nudged types: Sessions
Notified types: History}
{"logTime": "0727/150140", "correlationVector":"exAJoYIThwks7h+iECgqZC.1","action":"SyncServerConnectionManagerRequest", "result":"SYNC_SERVER_OK", "context":{"environment":"Prod_southeastasia_prod-s01-065-apac-southeastasia", "migrationStage":"NotStarted", "server":"akswtt00900000o"}}
{"logTime": "0727/150140", "correlationVector":"exAJoYIThwks7h+iECgqZC.2","action":"ProcessGetUpdates", "result":"Done", "context":{"dataType":"Sessions", "deleted":"0", "process_failed_to_decrypt":"0", "process_pending_decryption":"0", "process_success":"1", "total":"1"}}
{"logTime": "0727/150140", "correlationVector":"exAJoYIThwks7h+iECgqZC.3","action":"ProcessGetUpdates", "result":"Done", "context":{"dataType":"History", "deleted":"0", "process_failed_to_decrypt":"0", "process_pending_decryption":"0", "process_success":"2", "total":"2"}}
{"logTime": "0727/150140", "correlationVector":"exAJoYIThwks7h+iECgqZC.4","action":"GetUpdates Response", "result":"Success", "context":Received 3 update(s). cV=exAJoYIThwks7h+iECgqZC.0;server=akswtt00900000o;cloudType=Consumer;environment=Prod_southeastasia_prod-s01-065-apac-southeastasia;migrationStage=NotStarted}
{"logTime": "0727/150140", "correlationVector":"qe2bVGGKu+T45J1VSWB9it","action":"Commit Request", "result":"", "context":Item count: 1
Contributing types: Sessions}
{"logTime": "0727/150140", "correlationVector":"qe2bVGGKu+T45J1VSWB9it.1","action":"SyncServerConnectionManagerRequest", "result":"SYNC_SERVER_OK", "context":{"environment":"Prod_southeastasia_prod-s01-065-apac-southeastasia", "migrationStage":"NotStarted", "server":"akswtt00900002b"}}
{"logTime": "0727/150140", "correlationVector":"qe2bVGGKu+T45J1VSWB9it.2","action":"Commit Response", "result":"Success", "context":Result: Success. cV=qe2bVGGKu+T45J1VSWB9it.0;server=akswtt00900002b;cloudType=Consumer;environment=Prod_southeastasia_prod-s01-065-apac-southeastasia;migrationStage=NotStarted}
{"logTime": "0727/150327", "correlationVector":"JbFPjAjc6uWJXgR6bHPmTm","action":"Normal GetUpdate request", "result":"", "context":cV=JbFPjAjc6uWJXgR6bHPmTm
Notified types: History}
{"logTime": "0727/150328", "correlationVector":"JbFPjAjc6uWJXgR6bHPmTm.1","action":"SyncServerConnectionManagerRequest", "result":"SYNC_SERVER_OK", "context":{"environment":"Prod_southeastasia_prod-s01-065-apac-southeastasia", "migrationStage":"NotStarted", "server":"akswtt00900000k"}}
{"logTime": "0727/150328", "correlationVector":"JbFPjAjc6uWJXgR6bHPmTm.2","action":"ProcessGetUpdates", "result":"Done", "context":{"dataType":"Sessions", "deleted":"1", "process_failed_to_decrypt":"0", "process_pending_decryption":"0", "process_success":"4", "total":"4"}}
{"logTime": "0727/150328", "correlationVector":"JbFPjAjc6uWJXgR6bHPmTm.3","action":"ProcessGetUpdates", "result":"Done", "context":{"dataType":"History", "deleted":"0", "process_failed_to_decrypt":"0", "process_pending_decryption":"0", "process_success":"2", "total":"2"}}
{"logTime": "0727/150328", "correlationVector":"JbFPjAjc6uWJXgR6bHPmTm.4","action":"GetUpdates Response", "result":"Success", "context":Received 6 update(s). cV=JbFPjAjc6uWJXgR6bHPmTm.0;server=akswtt00900000k;cloudType=Consumer;environment=Prod_southeastasia_prod-s01-065-apac-southeastasia;migrationStage=NotStarted}
{"logTime": "0727/150352", "correlationVector":"Xtstie3XKN3FgSTOdrAM2s","action":"Normal GetUpdate request", "result":"", "context":cV=Xtstie3XKN3FgSTOdrAM2s
Notified types: Preferences, Passwords, History}
{"logTime": "0727/150352", "correlationVector":"Xtstie3XKN3FgSTOdrAM2s.1","action":"SyncServerConnectionManagerRequest", "result":"SYNC_SERVER_OK", "context":{"environment":"Prod_southeastasia_prod-s01-065-apac-southeastasia", "migrationStage":"NotStarted", "server":"akswtt00900001s"}}
{"logTime": "0727/150352", "correlationVector":"Xtstie3XKN3FgSTOdrAM2s.2","action":"ProcessGetUpdates", "result":"Done", "context":{"dataType":"Preferences", "deleted":"0", "process_failed_to_decrypt":"0", "process_pending_decryption":"0", "process_success":"2", "total":"2"}}
{"logTime": "0727/150352", "correlationVector":"Xtstie3XKN3FgSTOdrAM2s.3","action":"ProcessGetUpdates", "result":"Done", "context":{"dataType":"Passwords", "deleted":"0", "process_failed_to_decrypt":"0", "process_pending_decryption":"0", "process_success":"1", "total":"1"}}
{"logTime": "0727/150352", "correlationVector":"Xtstie3XKN3FgSTOdrAM2s.4","action":"ProcessGetUpdates", "result":"Done", "context":{"dataType":"Sessions", "deleted":"0", "process_failed_to_decrypt":"0", "process_pending_decryption":"0", "process_success":"1", "total":"1"}}
{"logTime": "0727/150352", "correlationVector":"Xtstie3XKN3FgSTOdrAM2s.5","action":"ProcessGetUpdates", "result":"Done", "context":{"dataType":"History", "deleted":"0", "process_failed_to_decrypt":"0", "process_pending_decryption":"0", "process_success":"1", "total":"1"}}
{"logTime": "0727/150352", "correlationVector":"Xtstie3XKN3FgSTOdrAM2s.6","action":"GetUpdates Response", "result":"Success", "context":Received 5 update(s). cV=Xtstie3XKN3FgSTOdrAM2s.0;server=akswtt00900001s;cloudType=Consumer;environment=Prod_southeastasia_prod-s01-065-apac-southeastasia;migrationStage=NotStarted}
{"logTime": "0727/150353", "correlationVector":"ICeW37EpKjdPouI/BIBo+d","action":"Commit Request", "result":"", "context":Item count: 1
Contributing types: Passwords}
{"logTime": "0727/150353", "correlationVector":"ICeW37EpKjdPouI/BIBo+d.1","action":"SyncServerConnectionManagerRequest", "result":"SYNC_SERVER_OK", "context":{"environment":"Prod_southeastasia_prod-s01-065-apac-southeastasia", "migrationStage":"NotStarted", "server":"akswtt00900001h"}}
{"logTime": "0727/150353", "correlationVector":"ICeW37EpKjdPouI/BIBo+d.2","action":"Commit Response", "result":"Success", "context":Result: Success. cV=ICeW37EpKjdPouI/BIBo+d.0;server=akswtt00900001h;cloudType=Consumer;environment=Prod_southeastasia_prod-s01-065-apac-southeastasia;migrationStage=NotStarted}
{"logTime": "0727/150658", "correlationVector":"PCmztl37SRGgSvPW7lGyK+","action":"Normal GetUpdate request", "result":"", "context":cV=PCmztl37SRGgSvPW7lGyK+
Notified types: History}
{"logTime": "0727/150658", "correlationVector":"PCmztl37SRGgSvPW7lGyK+.1","action":"SyncServerConnectionManagerRequest", "result":"SYNC_SERVER_OK", "context":{"environment":"Prod_southeastasia_prod-s01-065-apac-southeastasia", "migrationStage":"NotStarted", "server":"akswtt00900001j"}}
{"logTime": "0727/150658", "correlationVector":"PCmztl37SRGgSvPW7lGyK+.2","action":"ProcessGetUpdates", "result":"Done", "context":{"dataType":"Passwords", "deleted":"0", "process_failed_to_decrypt":"0", "process_pending_decryption":"0", "process_success":"1", "total":"1"}}
{"logTime": "0727/150658", "correlationVector":"PCmztl37SRGgSvPW7lGyK+.3","action":"ProcessGetUpdates", "result":"Done", "context":{"dataType":"Sessions", "deleted":"0", "process_failed_to_decrypt":"0", "process_pending_decryption":"0", "process_success":"1", "total":"1"}}
{"logTime": "0727/150658", "correlationVector":"PCmztl37SRGgSvPW7lGyK+.4","action":"ProcessGetUpdates", "result":"Done", "context":{"dataType":"History", "deleted":"0", "process_failed_to_decrypt":"0", "process_pending_decryption":"0", "process_success":"2", "total":"2"}}
{"logTime": "0727/150658", "correlationVector":"PCmztl37SRGgSvPW7lGyK+.5","action":"GetUpdates Response", "result":"Success", "context":Received 4 update(s). cV=PCmztl37SRGgSvPW7lGyK+.0;server=akswtt00900001j;cloudType=Consumer;environment=Prod_southeastasia_prod-s01-065-apac-southeastasia;migrationStage=NotStarted}
{"logTime": "0727/150939", "correlationVector":"Z7QqmYnlY32T3SBo9YJH61","action":"Normal GetUpdate request", "result":"", "context":cV=Z7QqmYnlY32T3SBo9YJH61
Notified types: History}
{"logTime": "0727/150940", "correlationVector":"Z7QqmYnlY32T3SBo9YJH61.1","action":"SyncServerConnectionManagerRequest", "result":"SYNC_SERVER_OK", "context":{"environment":"Prod_southeastasia_prod-s01-065-apac-southeastasia", "migrationStage":"NotStarted", "server":"akswtt00900000i"}}
{"logTime": "0727/150940", "correlationVector":"Z7QqmYnlY32T3SBo9YJH61.2","action":"ProcessGetUpdates", "result":"Done", "context":{"dataType":"Sessions", "deleted":"0", "process_failed_to_decrypt":"0", "process_pending_decryption":"0", "process_success":"1", "total":"1"}}
{"logTime": "0727/150940", "correlationVector":"Z7QqmYnlY32T3SBo9YJH61.3","action":"ProcessGetUpdates", "result":"Done", "context":{"dataType":"History", "deleted":"0", "process_failed_to_decrypt":"0", "process_pending_decryption":"0", "process_success":"2", "total":"2"}}
{"logTime": "0727/150940", "correlationVector":"Z7QqmYnlY32T3SBo9YJH61.4","action":"GetUpdates Response", "result":"Success", "context":Received 3 update(s). cV=Z7QqmYnlY32T3SBo9YJH61.0;server=akswtt00900000i;cloudType=Consumer;environment=Prod_southeastasia_prod-s01-065-apac-southeastasia;migrationStage=NotStarted}
{"logTime": "0727/151241", "correlationVector":"gXDwxMsP9VKVYem0Om35Ey","action":"Commit Request", "result":"", "context":Item count: 1
Contributing types: Sessions}
{"logTime": "0727/151241", "correlationVector":"gXDwxMsP9VKVYem0Om35Ey.1","action":"SyncServerConnectionManagerRequest", "result":"SYNC_SERVER_OK", "context":{"environment":"Prod_southeastasia_prod-s01-065-apac-southeastasia", "migrationStage":"NotStarted", "server":"akswtt00900002w"}}
{"logTime": "0727/151241", "correlationVector":"gXDwxMsP9VKVYem0Om35Ey.2","action":"Commit Response", "result":"Success", "context":Result: Success. cV=gXDwxMsP9VKVYem0Om35Ey.0;server=akswtt00900002w;cloudType=Consumer;environment=Prod_southeastasia_prod-s01-065-apac-southeastasia;migrationStage=NotStarted}
{"logTime": "0727/152459", "correlationVector":"0bxruu8FadgCZiassdBiKa","action":"Commit Request", "result":"", "context":Item count: 1
Contributing types: Sessions}
{"logTime": "0727/152459", "correlationVector":"0bxruu8FadgCZiassdBiKa.1","action":"SyncServerConnectionManagerRequest", "result":"SYNC_SERVER_OK", "context":{"environment":"Prod_southeastasia_prod-s01-065-apac-southeastasia", "migrationStage":"NotStarted", "server":"akswtt00900002v"}}
{"logTime": "0727/152459", "correlationVector":"0bxruu8FadgCZiassdBiKa.2","action":"Commit Response", "result":"Success", "context":Result: Success. cV=0bxruu8FadgCZiassdBiKa.0;server=akswtt00900002v;cloudType=Consumer;environment=Prod_southeastasia_prod-s01-065-apac-southeastasia;migrationStage=NotStarted}
{"logTime": "0727/155009", "correlationVector":"2tdarVTi1UaUVgZ2Zz+22Q.1","action":"SyncServerConnectionManagerRequest", "result":"SYNC_SERVER_OK", "context":{"environment":"Prod_southeastasia_prod-s01-065-apac-southeastasia", "migrationStage":"NotStarted", "server":"akswtt00900000y"}}
{"logTime": "0727/155009", "correlationVector":"2tdarVTi1UaUVgZ2Zz+22Q.2","action":"ProcessGetUpdates", "result":"Done", "context":{"dataType":"Encryption Keys", "deleted":"0", "process_failed_to_decrypt":"0", "process_pending_decryption":"0", "process_success":"1", "total":"1"}}
{"logTime": "0727/155010", "correlationVector":"GmRM/7kZliQIQmibsm1zy/","action":"SyncServerConnectionManagerRequest", "result":"SYNC_SERVER_OK", "context":{"environment":"", "migrationStage":"", "server":""}}
{"logTime": "0727/155010", "correlationVector":"GmRM/7kZliQIQmibsm1zy/.0","action":"EncryptionKeysFetcher.DownloadKeys:", "result":"Success", "context":Key count: 1, Last key timestamp: 2025-06-21T10:22:28Z}
{"logTime": "0727/155010", "correlationVector":"GmRM/7kZliQIQmibsm1zy/.1","action":"EncryptionKeysManager::SetEncryptionKeys:", "result":"Success", "context":Key names[1]:[yggcJcSqYtG7nea9lUYahZmeftc/zk4jvck0tzJWC7CUwD42BQyItS49xwUlKU6FscpBkTU8+j1hmaYtsmNtBA==]}
{"logTime": "0727/155010", "correlationVector":"GmRM/7kZliQIQmibsm1zy/.2","action":"EncryptionKeysManager::SetEncryptionKeysWithTimestamps:", "result":"Success", "context":Key timestamps[1]:[2025-06-21T10:22:28Z]}
{"logTime": "0727/155010", "correlationVector":"2tdarVTi1UaUVgZ2Zz+22Q","action":"Initial GetUpdates", "result":"", "context":Reason: NEW_CLIENT. cV=2tdarVTi1UaUVgZ2Zz+22Q}
{"logTime": "0727/155010", "correlationVector":"2tdarVTi1UaUVgZ2Zz+22Q.3","action":"GetUpdates Response", "result":"Success", "context":Received 1 update(s). cV=2tdarVTi1UaUVgZ2Zz+22Q.0;server=akswtt00900000y;cloudType=Consumer;environment=Prod_southeastasia_prod-s01-065-apac-southeastasia;migrationStage=NotStarted}
{"logTime": "0727/155010", "correlationVector":"Kythdz8C+TfprxWiUXol1Q","action":"Initial GetUpdates", "result":"", "context":Reason: NEWLY_SUPPORTED_DATATYPE. cV=Kythdz8C+TfprxWiUXol1Q}
{"logTime": "0727/155010", "correlationVector":"Kythdz8C+TfprxWiUXol1Q.1","action":"SyncServerConnectionManagerRequest", "result":"SYNC_SERVER_OK", "context":{"environment":"Prod_southeastasia_prod-s01-065-apac-southeastasia", "migrationStage":"NotStarted", "server":"akswtt009000003"}}
{"logTime": "0727/155010", "correlationVector":"Kythdz8C+TfprxWiUXol1Q.2","action":"ProcessGetUpdates", "result":"Done", "context":{"dataType":"Passwords", "deleted":"0", "process_failed_to_decrypt":"0", "process_pending_decryption":"0", "process_success":"1", "total":"1"}}
{"logTime": "0727/155010", "correlationVector":"Kythdz8C+TfprxWiUXol1Q.3","action":"GetUpdates Response", "result":"Success", "context":Received 1 update(s). cV=Kythdz8C+TfprxWiUXol1Q.0;server=akswtt009000003;cloudType=Consumer;environment=Prod_southeastasia_prod-s01-065-apac-southeastasia;migrationStage=NotStarted}
{"logTime": "0727/155010", "correlationVector":"azRSGNRD64ugAUvS7vQCKn","action":"Normal GetUpdate request", "result":"", "context":cV=azRSGNRD64ugAUvS7vQCKn
Nudged types: Sessions, History
Refresh requested types: Bookmarks, Preferences, Passwords, Autofill Profiles, Autofill, Extensions, Sessions, Extension settings, History Delete Directives, Device Info, User Consents, Send Tab To Self, Web Apps, History, Saved Tab Group, WebAuthn Credentials, Collection, Edge E Drop, Edge Hub App Usage, Edge Wallet, Encryption Keys}
{"logTime": "0727/155010", "correlationVector":"azRSGNRD64ugAUvS7vQCKn.1","action":"SyncServerConnectionManagerRequest", "result":"SYNC_SERVER_OK", "context":{"environment":"Prod_southeastasia_prod-s01-065-apac-southeastasia", "migrationStage":"NotStarted", "server":"akswtt00900001z"}}
{"logTime": "0727/155010", "correlationVector":"azRSGNRD64ugAUvS7vQCKn.2","action":"ProcessGetUpdates", "result":"Done", "context":{"dataType":"Sessions", "deleted":"0", "process_failed_to_decrypt":"0", "process_pending_decryption":"0", "process_success":"2", "total":"2"}}
{"logTime": "0727/155010", "correlationVector":"azRSGNRD64ugAUvS7vQCKn.3","action":"ProcessGetUpdates", "result":"Done", "context":{"dataType":"History", "deleted":"0", "process_failed_to_decrypt":"0", "process_pending_decryption":"0", "process_success":"2", "total":"2"}}
{"logTime": "0727/155010", "correlationVector":"azRSGNRD64ugAUvS7vQCKn.4","action":"GetUpdates Response", "result":"Success", "context":Received 4 update(s). cV=azRSGNRD64ugAUvS7vQCKn.0;server=akswtt00900001z;cloudType=Consumer;environment=Prod_southeastasia_prod-s01-065-apac-southeastasia;migrationStage=NotStarted}
{"logTime": "0727/155010", "correlationVector":"+g+t4uH7iD8fB1H6SeiBxD","action":"Commit Request", "result":"", "context":Item count: 5
Contributing types: Sessions, History}
{"logTime": "0727/155011", "correlationVector":"+g+t4uH7iD8fB1H6SeiBxD.1","action":"SyncServerConnectionManagerRequest", "result":"SYNC_SERVER_OK", "context":{"environment":"Prod_southeastasia_prod-s01-065-apac-southeastasia", "migrationStage":"NotStarted", "server":"akswtt00900000y"}}
{"logTime": "0727/155011", "correlationVector":"+g+t4uH7iD8fB1H6SeiBxD.2","action":"Commit Response", "result":"Success", "context":Result: Success. cV=+g+t4uH7iD8fB1H6SeiBxD.0;server=akswtt00900000y;cloudType=Consumer;environment=Prod_southeastasia_prod-s01-065-apac-southeastasia;migrationStage=NotStarted}
{"logTime": "0727/155011", "correlationVector":"+g+t4uH7iD8fB1H6SeiBxD.3","action":"Commit.Sessions", "result":"Success", "context":{"id":"98c1c3c3-6880-4061-86c7-44eb5282f92b", "isDeleted":"true", "size":"0", "version":"1753629900148"}}
{"logTime": "0727/155111", "correlationVector":"QZHvOH3mD+MNxCL2WYm/9M","action":"Commit Request", "result":"", "context":Item count: 2
Contributing types: Sessions, History}
{"logTime": "0727/155111", "correlationVector":"QZHvOH3mD+MNxCL2WYm/9M.1","action":"SyncServerConnectionManagerRequest", "result":"SYNC_SERVER_OK", "context":{"environment":"Prod_southeastasia_prod-s01-065-apac-southeastasia", "migrationStage":"NotStarted", "server":"akswtt00900000i"}}
{"logTime": "0727/155111", "correlationVector":"QZHvOH3mD+MNxCL2WYm/9M.2","action":"Commit Response", "result":"Success", "context":Result: Success. cV=QZHvOH3mD+MNxCL2WYm/9M.0;server=akswtt00900000i;cloudType=Consumer;environment=Prod_southeastasia_prod-s01-065-apac-southeastasia;migrationStage=NotStarted}
{"logTime": "0727/155146", "correlationVector":"0/H6FwPYh2CdtPs6JD6c3u","action":"Normal GetUpdate request", "result":"", "context":cV=0/H6FwPYh2CdtPs6JD6c3u
Notified types: History}
{"logTime": "0727/155146", "correlationVector":"0/H6FwPYh2CdtPs6JD6c3u.1","action":"SyncServerConnectionManagerRequest", "result":"SYNC_SERVER_OK", "context":{"environment":"Prod_southeastasia_prod-s01-065-apac-southeastasia", "migrationStage":"NotStarted", "server":"akswtt009000035"}}
{"logTime": "0727/155146", "correlationVector":"0/H6FwPYh2CdtPs6JD6c3u.2","action":"ProcessGetUpdates", "result":"Done", "context":{"dataType":"Sessions", "deleted":"1", "process_failed_to_decrypt":"0", "process_pending_decryption":"0", "process_success":"6", "total":"6"}}
{"logTime": "0727/155146", "correlationVector":"0/H6FwPYh2CdtPs6JD6c3u.3","action":"ProcessGetUpdates", "result":"Done", "context":{"dataType":"History", "deleted":"0", "process_failed_to_decrypt":"0", "process_pending_decryption":"0", "process_success":"3", "total":"3"}}
{"logTime": "0727/155146", "correlationVector":"0/H6FwPYh2CdtPs6JD6c3u.4","action":"GetUpdates Response", "result":"Success", "context":Received 9 update(s). cV=0/H6FwPYh2CdtPs6JD6c3u.0;server=akswtt009000035;cloudType=Consumer;environment=Prod_southeastasia_prod-s01-065-apac-southeastasia;migrationStage=NotStarted}
{"logTime": "0727/155246", "correlationVector":"gyIRV+Oml5tjPKcYi88rZr","action":"Normal GetUpdate request", "result":"", "context":cV=gyIRV+Oml5tjPKcYi88rZr
Notified types: History}
{"logTime": "0727/155247", "correlationVector":"gyIRV+Oml5tjPKcYi88rZr.1","action":"SyncServerConnectionManagerRequest", "result":"SYNC_SERVER_OK", "context":{"environment":"Prod_southeastasia_prod-s01-065-apac-southeastasia", "migrationStage":"NotStarted", "server":"akswtt009000007"}}
{"logTime": "0727/155247", "correlationVector":"gyIRV+Oml5tjPKcYi88rZr.2","action":"ProcessGetUpdates", "result":"Done", "context":{"dataType":"Sessions", "deleted":"1", "process_failed_to_decrypt":"0", "process_pending_decryption":"0", "process_success":"2", "total":"2"}}
{"logTime": "0727/155247", "correlationVector":"gyIRV+Oml5tjPKcYi88rZr.3","action":"ProcessGetUpdates", "result":"Done", "context":{"dataType":"History", "deleted":"0", "process_failed_to_decrypt":"0", "process_pending_decryption":"0", "process_success":"1", "total":"1"}}
{"logTime": "0727/155247", "correlationVector":"gyIRV+Oml5tjPKcYi88rZr.4","action":"GetUpdates Response", "result":"Success", "context":Received 3 update(s). cV=gyIRV+Oml5tjPKcYi88rZr.0;server=akswtt009000007;cloudType=Consumer;environment=Prod_southeastasia_prod-s01-065-apac-southeastasia;migrationStage=NotStarted}
{"logTime": "0727/155411", "correlationVector":"RdTucrBK/tbi1O/5Cg5Hii","action":"Normal GetUpdate request", "result":"", "context":cV=RdTucrBK/tbi1O/5Cg5Hii
Notified types: History}
{"logTime": "0727/155412", "correlationVector":"RdTucrBK/tbi1O/5Cg5Hii.1","action":"SyncServerConnectionManagerRequest", "result":"SYNC_SERVER_OK", "context":{"environment":"Prod_southeastasia_prod-s01-065-apac-southeastasia", "migrationStage":"NotStarted", "server":"akswtt00900003a"}}
{"logTime": "0727/155412", "correlationVector":"RdTucrBK/tbi1O/5Cg5Hii.2","action":"ProcessGetUpdates", "result":"Done", "context":{"dataType":"Sessions", "deleted":"0", "process_failed_to_decrypt":"0", "process_pending_decryption":"0", "process_success":"1", "total":"1"}}
{"logTime": "0727/155412", "correlationVector":"RdTucrBK/tbi1O/5Cg5Hii.3","action":"ProcessGetUpdates", "result":"Done", "context":{"dataType":"History", "deleted":"0", "process_failed_to_decrypt":"0", "process_pending_decryption":"0", "process_success":"3", "total":"3"}}
{"logTime": "0727/155412", "correlationVector":"RdTucrBK/tbi1O/5Cg5Hii.4","action":"GetUpdates Response", "result":"Success", "context":Received 4 update(s). cV=RdTucrBK/tbi1O/5Cg5Hii.0;server=akswtt00900003a;cloudType=Consumer;environment=Prod_southeastasia_prod-s01-065-apac-southeastasia;migrationStage=NotStarted}
{"logTime": "0727/155516", "correlationVector":"SZBRaMW2WSsDXCRZS9TZUw","action":"Normal GetUpdate request", "result":"", "context":cV=SZBRaMW2WSsDXCRZS9TZUw
Notified types: History}
{"logTime": "0727/155516", "correlationVector":"SZBRaMW2WSsDXCRZS9TZUw.1","action":"SyncServerConnectionManagerRequest", "result":"SYNC_SERVER_OK", "context":{"environment":"Prod_southeastasia_prod-s01-065-apac-southeastasia", "migrationStage":"NotStarted", "server":"akswtt00900003u"}}
{"logTime": "0727/155516", "correlationVector":"SZBRaMW2WSsDXCRZS9TZUw.2","action":"ProcessGetUpdates", "result":"Done", "context":{"dataType":"Sessions", "deleted":"0", "process_failed_to_decrypt":"0", "process_pending_decryption":"0", "process_success":"1", "total":"1"}}
{"logTime": "0727/155516", "correlationVector":"SZBRaMW2WSsDXCRZS9TZUw.3","action":"ProcessGetUpdates", "result":"Done", "context":{"dataType":"History", "deleted":"0", "process_failed_to_decrypt":"0", "process_pending_decryption":"0", "process_success":"2", "total":"2"}}
{"logTime": "0727/155516", "correlationVector":"SZBRaMW2WSsDXCRZS9TZUw.4","action":"GetUpdates Response", "result":"Success", "context":Received 3 update(s). cV=SZBRaMW2WSsDXCRZS9TZUw.0;server=akswtt00900003u;cloudType=Consumer;environment=Prod_southeastasia_prod-s01-065-apac-southeastasia;migrationStage=NotStarted}
{"logTime": "0727/155758", "correlationVector":"GcNFTdTZQBQZoicKAgYqzt","action":"Normal GetUpdate request", "result":"", "context":cV=GcNFTdTZQBQZoicKAgYqzt
Notified types: History}
{"logTime": "0727/155759", "correlationVector":"GcNFTdTZQBQZoicKAgYqzt.1","action":"SyncServerConnectionManagerRequest", "result":"SYNC_SERVER_OK", "context":{"environment":"Prod_southeastasia_prod-s01-065-apac-southeastasia", "migrationStage":"NotStarted", "server":"akswtt009000019"}}
{"logTime": "0727/155759", "correlationVector":"GcNFTdTZQBQZoicKAgYqzt.2","action":"ProcessGetUpdates", "result":"Done", "context":{"dataType":"Sessions", "deleted":"0", "process_failed_to_decrypt":"0", "process_pending_decryption":"0", "process_success":"1", "total":"1"}}
{"logTime": "0727/155759", "correlationVector":"GcNFTdTZQBQZoicKAgYqzt.3","action":"ProcessGetUpdates", "result":"Done", "context":{"dataType":"History", "deleted":"0", "process_failed_to_decrypt":"0", "process_pending_decryption":"0", "process_success":"3", "total":"3"}}
{"logTime": "0727/155759", "correlationVector":"GcNFTdTZQBQZoicKAgYqzt.4","action":"GetUpdates Response", "result":"Success", "context":Received 4 update(s). cV=GcNFTdTZQBQZoicKAgYqzt.0;server=akswtt009000019;cloudType=Consumer;environment=Prod_southeastasia_prod-s01-065-apac-southeastasia;migrationStage=NotStarted}
{"logTime": "0727/155928", "correlationVector":"gXHsGnVaABdyFyG8zfpZdD","action":"Normal GetUpdate request", "result":"", "context":cV=gXHsGnVaABdyFyG8zfpZdD
Notified types: History}
{"logTime": "0727/155928", "correlationVector":"gXHsGnVaABdyFyG8zfpZdD.1","action":"SyncServerConnectionManagerRequest", "result":"SYNC_SERVER_OK", "context":{"environment":"Prod_southeastasia_prod-s01-065-apac-southeastasia", "migrationStage":"NotStarted", "server":"akswtt00900001y"}}
{"logTime": "0727/155928", "correlationVector":"gXHsGnVaABdyFyG8zfpZdD.2","action":"ProcessGetUpdates", "result":"Done", "context":{"dataType":"Sessions", "deleted":"0", "process_failed_to_decrypt":"0", "process_pending_decryption":"0", "process_success":"1", "total":"1"}}
{"logTime": "0727/155928", "correlationVector":"gXHsGnVaABdyFyG8zfpZdD.3","action":"ProcessGetUpdates", "result":"Done", "context":{"dataType":"History", "deleted":"0", "process_failed_to_decrypt":"0", "process_pending_decryption":"0", "process_success":"3", "total":"3"}}
{"logTime": "0727/155928", "correlationVector":"gXHsGnVaABdyFyG8zfpZdD.4","action":"GetUpdates Response", "result":"Success", "context":Received 4 update(s). cV=gXHsGnVaABdyFyG8zfpZdD.0;server=akswtt00900001y;cloudType=Consumer;environment=Prod_southeastasia_prod-s01-065-apac-southeastasia;migrationStage=NotStarted}
{"logTime": "0727/160029", "correlationVector":"T+KyctHHTdZoX7FPW7fI/n","action":"Normal GetUpdate request", "result":"", "context":cV=T+KyctHHTdZoX7FPW7fI/n
Notified types: History}
{"logTime": "0727/160029", "correlationVector":"T+KyctHHTdZoX7FPW7fI/n.1","action":"SyncServerConnectionManagerRequest", "result":"SYNC_SERVER_OK", "context":{"environment":"Prod_southeastasia_prod-s01-065-apac-southeastasia", "migrationStage":"NotStarted", "server":"akswtt00900000o"}}
{"logTime": "0727/160029", "correlationVector":"T+KyctHHTdZoX7FPW7fI/n.2","action":"ProcessGetUpdates", "result":"Done", "context":{"dataType":"Sessions", "deleted":"0", "process_failed_to_decrypt":"0", "process_pending_decryption":"0", "process_success":"1", "total":"1"}}
{"logTime": "0727/160029", "correlationVector":"T+KyctHHTdZoX7FPW7fI/n.3","action":"ProcessGetUpdates", "result":"Done", "context":{"dataType":"History", "deleted":"0", "process_failed_to_decrypt":"0", "process_pending_decryption":"0", "process_success":"2", "total":"2"}}
{"logTime": "0727/160029", "correlationVector":"T+KyctHHTdZoX7FPW7fI/n.4","action":"GetUpdates Response", "result":"Success", "context":Received 3 update(s). cV=T+KyctHHTdZoX7FPW7fI/n.0;server=akswtt00900000o;cloudType=Consumer;environment=Prod_southeastasia_prod-s01-065-apac-southeastasia;migrationStage=NotStarted}
{"logTime": "0727/162951", "correlationVector":"aGjb9cp6nfG/N+dLk4PQWA.1","action":"SyncServerConnectionManagerRequest", "result":"SYNC_SERVER_OK", "context":{"environment":"Prod_southeastasia_prod-s01-065-apac-southeastasia", "migrationStage":"NotStarted", "server":"akswtt00900003c"}}
{"logTime": "0727/162951", "correlationVector":"aGjb9cp6nfG/N+dLk4PQWA.2","action":"ProcessGetUpdates", "result":"Done", "context":{"dataType":"Encryption Keys", "deleted":"0", "process_failed_to_decrypt":"0", "process_pending_decryption":"0", "process_success":"1", "total":"1"}}
{"logTime": "0727/162952", "correlationVector":"NCkBhmLZUcIE6tmUpjJStM","action":"SyncServerConnectionManagerRequest", "result":"SYNC_SERVER_OK", "context":{"environment":"", "migrationStage":"", "server":""}}
{"logTime": "0727/162952", "correlationVector":"NCkBhmLZUcIE6tmUpjJStM.0","action":"EncryptionKeysFetcher.DownloadKeys:", "result":"Success", "context":Key count: 1, Last key timestamp: 2025-06-21T10:22:28Z}
{"logTime": "0727/162952", "correlationVector":"NCkBhmLZUcIE6tmUpjJStM.1","action":"EncryptionKeysManager::SetEncryptionKeys:", "result":"Success", "context":Key names[1]:[yggcJcSqYtG7nea9lUYahZmeftc/zk4jvck0tzJWC7CUwD42BQyItS49xwUlKU6FscpBkTU8+j1hmaYtsmNtBA==]}
{"logTime": "0727/162952", "correlationVector":"NCkBhmLZUcIE6tmUpjJStM.2","action":"EncryptionKeysManager::SetEncryptionKeysWithTimestamps:", "result":"Success", "context":Key timestamps[1]:[2025-06-21T10:22:28Z]}
{"logTime": "0727/162952", "correlationVector":"aGjb9cp6nfG/N+dLk4PQWA","action":"Initial GetUpdates", "result":"", "context":Reason: NEW_CLIENT. cV=aGjb9cp6nfG/N+dLk4PQWA}
{"logTime": "0727/162952", "correlationVector":"aGjb9cp6nfG/N+dLk4PQWA.3","action":"GetUpdates Response", "result":"Success", "context":Received 1 update(s). cV=aGjb9cp6nfG/N+dLk4PQWA.0;server=akswtt00900003c;cloudType=Consumer;environment=Prod_southeastasia_prod-s01-065-apac-southeastasia;migrationStage=NotStarted}
{"logTime": "0727/162952", "correlationVector":"x/ctDU9mNhYT4CzjVMfygv","action":"Initial GetUpdates", "result":"", "context":Reason: NEWLY_SUPPORTED_DATATYPE. cV=x/ctDU9mNhYT4CzjVMfygv}
{"logTime": "0727/162952", "correlationVector":"x/ctDU9mNhYT4CzjVMfygv.1","action":"SyncServerConnectionManagerRequest", "result":"SYNC_SERVER_OK", "context":{"environment":"Prod_southeastasia_prod-s01-065-apac-southeastasia", "migrationStage":"NotStarted", "server":"akswtt00900003c"}}
{"logTime": "0727/162952", "correlationVector":"x/ctDU9mNhYT4CzjVMfygv.2","action":"ProcessGetUpdates", "result":"Done", "context":{"dataType":"Passwords", "deleted":"0", "process_failed_to_decrypt":"0", "process_pending_decryption":"0", "process_success":"2", "total":"2"}}
{"logTime": "0727/162952", "correlationVector":"x/ctDU9mNhYT4CzjVMfygv.3","action":"GetUpdates Response", "result":"Success", "context":Received 2 update(s). cV=x/ctDU9mNhYT4CzjVMfygv.0;server=akswtt00900003c;cloudType=Consumer;environment=Prod_southeastasia_prod-s01-065-apac-southeastasia;migrationStage=NotStarted}
{"logTime": "0727/162952", "correlationVector":"5ed+iShCWzhUsuleBNdOS7","action":"Normal GetUpdate request", "result":"", "context":cV=5ed+iShCWzhUsuleBNdOS7
Nudged types: Sessions, History
Refresh requested types: Bookmarks, Preferences, Passwords, Autofill Profiles, Autofill, Extensions, Sessions, Extension settings, History Delete Directives, Device Info, User Consents, Send Tab To Self, Web Apps, History, Saved Tab Group, WebAuthn Credentials, Collection, Edge E Drop, Edge Hub App Usage, Edge Wallet, Encryption Keys}
{"logTime": "0727/162952", "correlationVector":"5ed+iShCWzhUsuleBNdOS7.1","action":"SyncServerConnectionManagerRequest", "result":"SYNC_SERVER_OK", "context":{"environment":"Prod_southeastasia_prod-s01-065-apac-southeastasia", "migrationStage":"NotStarted", "server":"akswtt00900000f"}}
{"logTime": "0727/162952", "correlationVector":"5ed+iShCWzhUsuleBNdOS7.2","action":"ProcessGetUpdates", "result":"Done", "context":{"dataType":"Preferences", "deleted":"0", "process_failed_to_decrypt":"0", "process_pending_decryption":"0", "process_success":"1", "total":"1"}}
{"logTime": "0727/162952", "correlationVector":"5ed+iShCWzhUsuleBNdOS7.3","action":"ProcessGetUpdates", "result":"Done", "context":{"dataType":"Sessions", "deleted":"1", "process_failed_to_decrypt":"0", "process_pending_decryption":"0", "process_success":"3", "total":"3"}}
{"logTime": "0727/162952", "correlationVector":"5ed+iShCWzhUsuleBNdOS7.4","action":"ProcessGetUpdates", "result":"Done", "context":{"dataType":"History", "deleted":"0", "process_failed_to_decrypt":"0", "process_pending_decryption":"0", "process_success":"2", "total":"2"}}
{"logTime": "0727/162952", "correlationVector":"5ed+iShCWzhUsuleBNdOS7.5","action":"GetUpdates Response", "result":"Success", "context":Received 6 update(s). cV=5ed+iShCWzhUsuleBNdOS7.0;server=akswtt00900000f;cloudType=Consumer;environment=Prod_southeastasia_prod-s01-065-apac-southeastasia;migrationStage=NotStarted}
{"logTime": "0727/162952", "correlationVector":"DRQLkQenQVo4laZNfP8mwC","action":"Commit Request", "result":"", "context":Item count: 4
Contributing types: Sessions, History}
{"logTime": "0727/162953", "correlationVector":"DRQLkQenQVo4laZNfP8mwC.1","action":"SyncServerConnectionManagerRequest", "result":"SYNC_SERVER_OK", "context":{"environment":"Prod_southeastasia_prod-s01-065-apac-southeastasia", "migrationStage":"NotStarted", "server":"akswtt009000028"}}
{"logTime": "0727/162953", "correlationVector":"DRQLkQenQVo4laZNfP8mwC.2","action":"Commit Response", "result":"Success", "context":Result: Success. cV=DRQLkQenQVo4laZNfP8mwC.0;server=akswtt009000028;cloudType=Consumer;environment=Prod_southeastasia_prod-s01-065-apac-southeastasia;migrationStage=NotStarted}
{"logTime": "0727/162953", "correlationVector":"DRQLkQenQVo4laZNfP8mwC.3","action":"Commit.Sessions", "result":"Success", "context":{"id":"d0e0d756-a9e9-4c42-92a2-94fac00b46c7", "isDeleted":"true", "size":"0", "version":"1753631472342"}}
{"logTime": "0727/163053", "correlationVector":"SSDCO+N7UQX5V6YabMgHqH","action":"Commit Request", "result":"", "context":Item count: 3
Contributing types: Sessions, History}
{"logTime": "0727/163053", "correlationVector":"SSDCO+N7UQX5V6YabMgHqH.1","action":"SyncServerConnectionManagerRequest", "result":"SYNC_SERVER_OK", "context":{"environment":"Prod_southeastasia_prod-s01-065-apac-southeastasia", "migrationStage":"NotStarted", "server":"akswtt00900002v"}}
{"logTime": "0727/163053", "correlationVector":"SSDCO+N7UQX5V6YabMgHqH.2","action":"Commit Response", "result":"Success", "context":Result: Success. cV=SSDCO+N7UQX5V6YabMgHqH.0;server=akswtt00900002v;cloudType=Consumer;environment=Prod_southeastasia_prod-s01-065-apac-southeastasia;migrationStage=NotStarted}
{"logTime": "0727/164051", "correlationVector":"FivzYuMP/Fi9gZVRZ4j1iC","action":"Commit Request", "result":"", "context":Item count: 1
Contributing types: Sessions}
{"logTime": "0727/164051", "correlationVector":"FivzYuMP/Fi9gZVRZ4j1iC.1","action":"SyncServerConnectionManagerRequest", "result":"SYNC_SERVER_OK", "context":{"environment":"Prod_southeastasia_prod-s01-065-apac-southeastasia", "migrationStage":"NotStarted", "server":"akswtt009000024"}}
{"logTime": "0727/164051", "correlationVector":"FivzYuMP/Fi9gZVRZ4j1iC.2","action":"Commit Response", "result":"Success", "context":Result: Success. cV=FivzYuMP/Fi9gZVRZ4j1iC.0;server=akswtt009000024;cloudType=Consumer;environment=Prod_southeastasia_prod-s01-065-apac-southeastasia;migrationStage=NotStarted}
{"logTime": "0727/191151", "correlationVector":"LqUc1QXG1acuIawt8qlvHu.1","action":"SyncServerConnectionManagerRequest", "result":"SYNC_SERVER_OK", "context":{"environment":"Prod_southeastasia_prod-s01-065-apac-southeastasia", "migrationStage":"NotStarted", "server":"akswtt00900001x"}}
{"logTime": "0727/191151", "correlationVector":"LqUc1QXG1acuIawt8qlvHu.2","action":"ProcessGetUpdates", "result":"Done", "context":{"dataType":"Encryption Keys", "deleted":"0", "process_failed_to_decrypt":"0", "process_pending_decryption":"0", "process_success":"1", "total":"1"}}
{"logTime": "0727/191152", "correlationVector":"JSnZyV64yvZDvlGLVayZYF","action":"SyncServerConnectionManagerRequest", "result":"SYNC_SERVER_OK", "context":{"environment":"", "migrationStage":"", "server":""}}
{"logTime": "0727/191152", "correlationVector":"JSnZyV64yvZDvlGLVayZYF.0","action":"EncryptionKeysFetcher.DownloadKeys:", "result":"Success", "context":Key count: 1, Last key timestamp: 2025-06-21T10:22:28Z}
{"logTime": "0727/191152", "correlationVector":"JSnZyV64yvZDvlGLVayZYF.1","action":"EncryptionKeysManager::SetEncryptionKeys:", "result":"Success", "context":Key names[1]:[yggcJcSqYtG7nea9lUYahZmeftc/zk4jvck0tzJWC7CUwD42BQyItS49xwUlKU6FscpBkTU8+j1hmaYtsmNtBA==]}
{"logTime": "0727/191152", "correlationVector":"JSnZyV64yvZDvlGLVayZYF.2","action":"EncryptionKeysManager::SetEncryptionKeysWithTimestamps:", "result":"Success", "context":Key timestamps[1]:[2025-06-21T10:22:28Z]}
{"logTime": "0727/191152", "correlationVector":"LqUc1QXG1acuIawt8qlvHu","action":"Initial GetUpdates", "result":"", "context":Reason: NEW_CLIENT. cV=LqUc1QXG1acuIawt8qlvHu}
{"logTime": "0727/191152", "correlationVector":"LqUc1QXG1acuIawt8qlvHu.3","action":"GetUpdates Response", "result":"Success", "context":Received 1 update(s). cV=LqUc1QXG1acuIawt8qlvHu.0;server=akswtt00900001x;cloudType=Consumer;environment=Prod_southeastasia_prod-s01-065-apac-southeastasia;migrationStage=NotStarted}
{"logTime": "0727/191152", "correlationVector":"X+Z7fsEkqP63/8aQR2/4AP","action":"Initial GetUpdates", "result":"", "context":Reason: NEWLY_SUPPORTED_DATATYPE. cV=X+Z7fsEkqP63/8aQR2/4AP}
{"logTime": "0727/191152", "correlationVector":"X+Z7fsEkqP63/8aQR2/4AP.1","action":"SyncServerConnectionManagerRequest", "result":"SYNC_SERVER_OK", "context":{"environment":"Prod_southeastasia_prod-s01-065-apac-southeastasia", "migrationStage":"NotStarted", "server":"akswtt00900000r"}}
{"logTime": "0727/191152", "correlationVector":"X+Z7fsEkqP63/8aQR2/4AP.2","action":"ProcessGetUpdates", "result":"Done", "context":{"dataType":"Passwords", "deleted":"0", "process_failed_to_decrypt":"0", "process_pending_decryption":"0", "process_success":"18", "total":"18"}}
{"logTime": "0727/191152", "correlationVector":"X+Z7fsEkqP63/8aQR2/4AP.3","action":"GetUpdates Response", "result":"Success", "context":Received 18 update(s). cV=X+Z7fsEkqP63/8aQR2/4AP.0;server=akswtt00900000r;cloudType=Consumer;environment=Prod_southeastasia_prod-s01-065-apac-southeastasia;migrationStage=NotStarted}
{"logTime": "0727/191152", "correlationVector":"UtGxEqB421lcsSzqJ9XRp2","action":"Normal GetUpdate request", "result":"", "context":cV=UtGxEqB421lcsSzqJ9XRp2
Nudged types: Sessions, History
Refresh requested types: Bookmarks, Preferences, Passwords, Autofill Profiles, Autofill, Extensions, Sessions, Extension settings, History Delete Directives, Device Info, User Consents, Send Tab To Self, Web Apps, History, Saved Tab Group, WebAuthn Credentials, Collection, Edge E Drop, Edge Hub App Usage, Edge Wallet, Encryption Keys}
{"logTime": "0727/191152", "correlationVector":"UtGxEqB421lcsSzqJ9XRp2.1","action":"SyncServerConnectionManagerRequest", "result":"SYNC_SERVER_OK", "context":{"environment":"Prod_southeastasia_prod-s01-065-apac-southeastasia", "migrationStage":"NotStarted", "server":"akswtt00900002h"}}
{"logTime": "0727/191152", "correlationVector":"UtGxEqB421lcsSzqJ9XRp2.2","action":"ProcessGetUpdates", "result":"Done", "context":{"dataType":"Preferences", "deleted":"0", "process_failed_to_decrypt":"0", "process_pending_decryption":"0", "process_success":"1", "total":"1"}}
{"logTime": "0727/191152", "correlationVector":"UtGxEqB421lcsSzqJ9XRp2.3","action":"ProcessGetUpdates", "result":"Done", "context":{"dataType":"Autofill Profiles", "deleted":"0", "process_failed_to_decrypt":"0", "process_pending_decryption":"0", "process_success":"1", "total":"1"}}
{"logTime": "0727/191152", "correlationVector":"UtGxEqB421lcsSzqJ9XRp2.4","action":"ProcessGetUpdates", "result":"Done", "context":{"dataType":"Autofill", "deleted":"0", "process_failed_to_decrypt":"0", "process_pending_decryption":"0", "process_success":"1", "total":"1"}}
{"logTime": "0727/191152", "correlationVector":"UtGxEqB421lcsSzqJ9XRp2.5","action":"ProcessGetUpdates", "result":"Done", "context":{"dataType":"Sessions", "deleted":"24", "process_failed_to_decrypt":"0", "process_pending_decryption":"0", "process_success":"28", "total":"28"}}
{"logTime": "0727/191152", "correlationVector":"UtGxEqB421lcsSzqJ9XRp2.6","action":"ProcessGetUpdates", "result":"Done", "context":{"dataType":"History", "deleted":"0", "process_failed_to_decrypt":"0", "process_pending_decryption":"0", "process_success":"54", "total":"54"}}
{"logTime": "0727/191152", "correlationVector":"UtGxEqB421lcsSzqJ9XRp2.7","action":"GetUpdates Response", "result":"Success", "context":Received 85 update(s). cV=UtGxEqB421lcsSzqJ9XRp2.0;server=akswtt00900002h;cloudType=Consumer;environment=Prod_southeastasia_prod-s01-065-apac-southeastasia;migrationStage=NotStarted}
{"logTime": "0727/191152", "correlationVector":"MGOMSHUnaWL91/WmtqBnp5","action":"Commit Request", "result":"", "context":Item count: 4
Contributing types: Sessions, History}
{"logTime": "0727/191153", "correlationVector":"MGOMSHUnaWL91/WmtqBnp5.1","action":"SyncServerConnectionManagerRequest", "result":"SYNC_SERVER_OK", "context":{"environment":"Prod_southeastasia_prod-s01-065-apac-southeastasia", "migrationStage":"NotStarted", "server":"akswtt00900003w"}}
{"logTime": "0727/191153", "correlationVector":"MGOMSHUnaWL91/WmtqBnp5.2","action":"Commit Response", "result":"Success", "context":Result: Success. cV=MGOMSHUnaWL91/WmtqBnp5.0;server=akswtt00900003w;cloudType=Consumer;environment=Prod_southeastasia_prod-s01-065-apac-southeastasia;migrationStage=NotStarted}
{"logTime": "0727/191153", "correlationVector":"MGOMSHUnaWL91/WmtqBnp5.3","action":"Commit.Sessions", "result":"Success", "context":{"id":"97b798e2-d539-4419-ab9a-c88f2d711f76", "isDeleted":"true", "size":"0", "version":"1753634452061"}}
{"logTime": "0727/194103", "correlationVector":"9bspJkXdfhu4SZKRRsxMer.1","action":"SyncServerConnectionManagerRequest", "result":"SYNC_SERVER_OK", "context":{"environment":"Prod_southeastasia_prod-s01-065-apac-southeastasia", "migrationStage":"NotStarted", "server":"akswtt00900001l"}}
{"logTime": "0727/194103", "correlationVector":"9bspJkXdfhu4SZKRRsxMer.2","action":"ProcessGetUpdates", "result":"Done", "context":{"dataType":"Encryption Keys", "deleted":"0", "process_failed_to_decrypt":"0", "process_pending_decryption":"0", "process_success":"1", "total":"1"}}
{"logTime": "0727/194104", "correlationVector":"3rTDAo99/weGYEAdCTAwPj","action":"SyncServerConnectionManagerRequest", "result":"SYNC_SERVER_OK", "context":{"environment":"", "migrationStage":"", "server":""}}
{"logTime": "0727/194104", "correlationVector":"3rTDAo99/weGYEAdCTAwPj.0","action":"EncryptionKeysFetcher.DownloadKeys:", "result":"Success", "context":Key count: 1, Last key timestamp: 2025-06-21T10:22:28Z}
{"logTime": "0727/194104", "correlationVector":"3rTDAo99/weGYEAdCTAwPj.1","action":"EncryptionKeysManager::SetEncryptionKeys:", "result":"Success", "context":Key names[1]:[yggcJcSqYtG7nea9lUYahZmeftc/zk4jvck0tzJWC7CUwD42BQyItS49xwUlKU6FscpBkTU8+j1hmaYtsmNtBA==]}
{"logTime": "0727/194104", "correlationVector":"3rTDAo99/weGYEAdCTAwPj.2","action":"EncryptionKeysManager::SetEncryptionKeysWithTimestamps:", "result":"Success", "context":Key timestamps[1]:[2025-06-21T10:22:28Z]}
{"logTime": "0727/194104", "correlationVector":"9bspJkXdfhu4SZKRRsxMer","action":"Initial GetUpdates", "result":"", "context":Reason: NEW_CLIENT. cV=9bspJkXdfhu4SZKRRsxMer}
{"logTime": "0727/194104", "correlationVector":"9bspJkXdfhu4SZKRRsxMer.3","action":"GetUpdates Response", "result":"Success", "context":Received 1 update(s). cV=9bspJkXdfhu4SZKRRsxMer.0;server=akswtt00900001l;cloudType=Consumer;environment=Prod_southeastasia_prod-s01-065-apac-southeastasia;migrationStage=NotStarted}
{"logTime": "0727/194104", "correlationVector":"PfXxyqSiaLKdrROUisCSOa","action":"Initial GetUpdates", "result":"", "context":Reason: NEWLY_SUPPORTED_DATATYPE. cV=PfXxyqSiaLKdrROUisCSOa}
{"logTime": "0727/194104", "correlationVector":"PfXxyqSiaLKdrROUisCSOa.1","action":"SyncServerConnectionManagerRequest", "result":"SYNC_SERVER_OK", "context":{"environment":"Prod_southeastasia_prod-s01-065-apac-southeastasia", "migrationStage":"NotStarted", "server":"akswtt00900003q"}}
{"logTime": "0727/194104", "correlationVector":"PfXxyqSiaLKdrROUisCSOa.2","action":"ProcessGetUpdates", "result":"Done", "context":{"dataType":"Passwords", "deleted":"0", "process_failed_to_decrypt":"0", "process_pending_decryption":"0", "process_success":"20", "total":"20"}}
{"logTime": "0727/194104", "correlationVector":"PfXxyqSiaLKdrROUisCSOa.3","action":"GetUpdates Response", "result":"Success", "context":Received 20 update(s). cV=PfXxyqSiaLKdrROUisCSOa.0;server=akswtt00900003q;cloudType=Consumer;environment=Prod_southeastasia_prod-s01-065-apac-southeastasia;migrationStage=NotStarted}
{"logTime": "0727/194104", "correlationVector":"OQwOvMYJ6kmISL2WA7mXj0","action":"Normal GetUpdate request", "result":"", "context":cV=OQwOvMYJ6kmISL2WA7mXj0
Nudged types: Sessions, History
Refresh requested types: Bookmarks, Preferences, Passwords, Autofill Profiles, Autofill, Extensions, Sessions, Extension settings, History Delete Directives, Device Info, User Consents, Send Tab To Self, Web Apps, History, Saved Tab Group, WebAuthn Credentials, Collection, Edge E Drop, Edge Hub App Usage, Edge Wallet, Encryption Keys}
{"logTime": "0727/194104", "correlationVector":"OQwOvMYJ6kmISL2WA7mXj0.1","action":"SyncServerConnectionManagerRequest", "result":"SYNC_SERVER_OK", "context":{"environment":"Prod_southeastasia_prod-s01-065-apac-southeastasia", "migrationStage":"NotStarted", "server":"akswtt00900001l"}}
{"logTime": "0727/194104", "correlationVector":"OQwOvMYJ6kmISL2WA7mXj0.2","action":"ProcessGetUpdates", "result":"Done", "context":{"dataType":"Preferences", "deleted":"0", "process_failed_to_decrypt":"0", "process_pending_decryption":"0", "process_success":"1", "total":"1"}}
{"logTime": "0727/194104", "correlationVector":"OQwOvMYJ6kmISL2WA7mXj0.3","action":"ProcessGetUpdates", "result":"Done", "context":{"dataType":"Autofill Profiles", "deleted":"0", "process_failed_to_decrypt":"0", "process_pending_decryption":"0", "process_success":"1", "total":"1"}}
{"logTime": "0727/194104", "correlationVector":"OQwOvMYJ6kmISL2WA7mXj0.4","action":"ProcessGetUpdates", "result":"Done", "context":{"dataType":"Sessions", "deleted":"3", "process_failed_to_decrypt":"0", "process_pending_decryption":"0", "process_success":"7", "total":"7"}}
{"logTime": "0727/194104", "correlationVector":"OQwOvMYJ6kmISL2WA7mXj0.5","action":"ProcessGetUpdates", "result":"Done", "context":{"dataType":"History", "deleted":"0", "process_failed_to_decrypt":"0", "process_pending_decryption":"0", "process_success":"6", "total":"6"}}
{"logTime": "0727/194104", "correlationVector":"OQwOvMYJ6kmISL2WA7mXj0.6","action":"GetUpdates Response", "result":"Success", "context":Received 15 update(s). cV=OQwOvMYJ6kmISL2WA7mXj0.0;server=akswtt00900001l;cloudType=Consumer;environment=Prod_southeastasia_prod-s01-065-apac-southeastasia;migrationStage=NotStarted}
{"logTime": "0727/194104", "correlationVector":"kIftLf4BGOJW23xfyN1LWt","action":"Commit Request", "result":"", "context":Item count: 4
Contributing types: Sessions, History}
{"logTime": "0727/194105", "correlationVector":"kIftLf4BGOJW23xfyN1LWt.1","action":"SyncServerConnectionManagerRequest", "result":"SYNC_SERVER_OK", "context":{"environment":"Prod_southeastasia_prod-s01-065-apac-southeastasia", "migrationStage":"NotStarted", "server":"akswtt00900000i"}}
{"logTime": "0727/194105", "correlationVector":"kIftLf4BGOJW23xfyN1LWt.2","action":"Commit Response", "result":"Success", "context":Result: Success. cV=kIftLf4BGOJW23xfyN1LWt.0;server=akswtt00900000i;cloudType=Consumer;environment=Prod_southeastasia_prod-s01-065-apac-southeastasia;migrationStage=NotStarted}
{"logTime": "0727/194105", "correlationVector":"kIftLf4BGOJW23xfyN1LWt.3","action":"Commit.Sessions", "result":"Success", "context":{"id":"2c91c6c5-5aee-4d20-9d95-1b65f9593f71", "isDeleted":"true", "size":"0", "version":"1753643512981"}}
{"logTime": "0727/194205", "correlationVector":"d1s2apzt7XOA0qXj64l7v7","action":"Commit Request", "result":"", "context":Item count: 2
Contributing types: Sessions, History}
{"logTime": "0727/194206", "correlationVector":"d1s2apzt7XOA0qXj64l7v7.1","action":"SyncServerConnectionManagerRequest", "result":"SYNC_SERVER_OK", "context":{"environment":"Prod_southeastasia_prod-s01-065-apac-southeastasia", "migrationStage":"NotStarted", "server":"akswtt00900000l"}}
{"logTime": "0727/194206", "correlationVector":"d1s2apzt7XOA0qXj64l7v7.2","action":"Commit Response", "result":"Success", "context":Result: Success. cV=d1s2apzt7XOA0qXj64l7v7.0;server=akswtt00900000l;cloudType=Consumer;environment=Prod_southeastasia_prod-s01-065-apac-southeastasia;migrationStage=NotStarted}
