2025-07-27 14:34:11.703: [INFO][Sync] Reset engine, reason: 8
2025-07-27 14:34:11.703: [INFO][Sync] Stopped: Bookmarks
2025-07-27 14:34:11.703: [INFO][Sync] Stopped: Preferences
2025-07-27 14:34:11.703: [INFO][Sync] Stopped: Passwords
2025-07-27 14:34:11.703: [INFO][Sync] Stopped: Autofill Profiles
2025-07-27 14:34:11.703: [INFO][Sync] Stopped: Autofill
2025-07-27 14:34:11.703: [INFO][Sync] Stopped: Extensions
2025-07-27 14:34:11.703: [INFO][Sync] Stopped: Sessions
2025-07-27 14:34:11.703: [INFO][Sync] Stopped: Extension settings
2025-07-27 14:34:11.703: [INFO][Sync] Stopped: History Delete Directives
2025-07-27 14:34:11.704: [INFO][Sync] Stopped: Device Info
2025-07-27 14:34:11.704: [INFO][Sync] Stopped: User Consents
2025-07-27 14:34:11.704: [INFO][Sync] Stopped: Send Tab To Self
2025-07-27 14:34:11.704: [INFO][Sync] Stopped: Web Apps
2025-07-27 14:34:11.704: [INFO][Sync] Stopped: History
2025-07-27 14:34:11.704: [INFO][Sync] Stopped: Saved Tab Group
2025-07-27 14:34:11.704: [INFO][Sync] Stopped: WebAuthn Credentials
2025-07-27 14:34:11.704: [INFO][Sync] Stopped: Collection
2025-07-27 14:34:11.704: [INFO][Sync] Stopped: Edge E Drop
2025-07-27 14:34:11.704: [INFO][Sync] Stopped: Edge Hub App Usage
2025-07-27 14:34:11.704: [INFO][Sync] Stopped: Edge Wallet
2025-07-27 14:34:11.704: [INFO][Sync] SyncState after authenticated was: NotSignedIn
2025-07-27 14:34:12.013: [INFO][Sync] Reset engine, reason: 8
2025-07-27 14:34:12.013: [INFO][Sync] Stopped: Bookmarks
2025-07-27 14:34:12.013: [INFO][Sync] Stopped: Preferences
2025-07-27 14:34:12.013: [INFO][Sync] Stopped: Passwords
2025-07-27 14:34:12.013: [INFO][Sync] Stopped: Autofill Profiles
2025-07-27 14:34:12.013: [INFO][Sync] Stopped: Autofill
2025-07-27 14:34:12.013: [INFO][Sync] Stopped: Extensions
2025-07-27 14:34:12.013: [INFO][Sync] Stopped: Sessions
2025-07-27 14:34:12.013: [INFO][Sync] Stopped: Extension settings
2025-07-27 14:34:12.013: [INFO][Sync] Stopped: History Delete Directives
2025-07-27 14:34:12.013: [INFO][Sync] Stopped: Device Info
2025-07-27 14:34:12.013: [INFO][Sync] Stopped: User Consents
2025-07-27 14:34:12.013: [INFO][Sync] Stopped: Send Tab To Self
2025-07-27 14:34:12.013: [INFO][Sync] Stopped: Web Apps
2025-07-27 14:34:12.013: [INFO][Sync] Stopped: History
2025-07-27 14:34:12.013: [INFO][Sync] Stopped: Saved Tab Group
2025-07-27 14:34:12.013: [INFO][Sync] Stopped: WebAuthn Credentials
2025-07-27 14:34:12.013: [INFO][Sync] Stopped: Collection
2025-07-27 14:34:12.013: [INFO][Sync] Stopped: Edge E Drop
2025-07-27 14:34:12.013: [INFO][Sync] Stopped: Edge Hub App Usage
2025-07-27 14:34:12.013: [INFO][Sync] Stopped: Edge Wallet
2025-07-27 14:34:12.985: [INFO][Sync] Try to start sync engine
2025-07-27 14:34:12.987: [INFO][SyncManagerImpl::NudgeForInitialDownload] Initial download nudge for Encryption Keys
2025-07-27 14:34:12.987: [INFO][SyncEngineBackend::LoadAndConnectNigoriController] Load and connect Nigori controller
2025-07-27 14:34:12.987: [INFO][SyncEngineBackend::DoInitialize] Control Types added: Encryption Keys
2025-07-27 14:34:12.987: [INFO][SyncManagerImpl::ConfigureSyncer] Types to download: Encryption Keys with reason: 3
2025-07-27 14:34:12.987: [INFO][SyncSchedulerImpl::DoConfigurationSyncCycleJob] Configure job was blocked
2025-07-27 14:34:13.373: [INFO][SyncAuthManager::SetLastAuthError] Current auth error: None
2025-07-27 14:34:13.373: [INFO][SyncAuthManager::EdgeLogTokenErrorState] Token error with: None for account type: MSA
2025-07-27 14:34:13.373: [INFO][Sync] Credentials changed for: EdgeSyncScopeNew
2025-07-27 14:34:16.392: [INFO][SyncAuthManager::SetLastAuthError] Current auth error: None
2025-07-27 14:34:16.392: [INFO][SyncAuthManager::EdgeLogTokenErrorState] Token error with: None for account type: MSA
2025-07-27 14:34:16.393: [INFO][Sync] Credentials changed for: EdgeSyncKeyDataScope
2025-07-27 14:34:16.393: [INFO][SyncEngineBackend::DoUpdateKeyDataCredentials] Update key data credentials
2025-07-27 14:34:16.393: [INFO][SyncEngineBackend::DoUpdateCredentials] Update credentials
2025-07-27 14:34:16.393: [INFO][SyncSchedulerImpl::DoConfigurationSyncCycleJob] Blocked types:  and types to download: Encryption Keys
2025-07-27 14:34:17.431: [INFO][Sync] Started DataTypeManager configuration, reason: 4
2025-07-27 14:34:17.431: [INFO][Sync] Configuring for: Bookmarks, Preferences, Passwords, Autofill Profiles, Autofill, Extensions, Sessions, Extension settings, History Delete Directives, Device Info, User Consents, Send Tab To Self, Web Apps, History, Saved Tab Group, WebAuthn Credentials, Collection, Edge E Drop, Edge Hub App Usage, Edge Wallet, Encryption Keys, reason: 3, current state: 0
2025-07-27 14:34:17.431: [WARN][Sync] Crypto error data types: Passwords, Autofill Profiles, Autofill
2025-07-27 14:34:17.434: [INFO][Sync] Configure, desired: Bookmarks, Preferences, Extensions, Sessions, Extension settings, History Delete Directives, Device Info, User Consents, Send Tab To Self, Web Apps, History, Saved Tab Group, WebAuthn Credentials, Collection, Edge E Drop, Edge Hub App Usage, Edge Wallet, Encryption Keys; Allow fail: Passwords, Autofill Profiles, Autofill
2025-07-27 14:34:17.434: [INFO][Sync] Loading: Bookmarks
2025-07-27 14:34:17.435: [INFO][Sync] Loading: Preferences
2025-07-27 14:34:17.435: [INFO][Sync] Loading: Extensions
2025-07-27 14:34:17.435: [INFO][Sync] Loading: Sessions
2025-07-27 14:34:17.435: [INFO][Sync] Loading: Extension settings
2025-07-27 14:34:17.435: [INFO][Sync] Loading: History Delete Directives
2025-07-27 14:34:17.435: [INFO][Sync] Loading: Device Info
2025-07-27 14:34:17.435: [INFO][Sync] Loading: User Consents
2025-07-27 14:34:17.435: [INFO][Sync] Loading: Send Tab To Self
2025-07-27 14:34:17.435: [INFO][Sync] Loading: Web Apps
2025-07-27 14:34:17.435: [INFO][Sync] Loading: History
2025-07-27 14:34:17.435: [INFO][Sync] Loading: Saved Tab Group
2025-07-27 14:34:17.435: [INFO][Sync] Loading: WebAuthn Credentials
2025-07-27 14:34:17.435: [INFO][Sync] Loading: Collection
2025-07-27 14:34:17.435: [INFO][Sync] Loading: Edge E Drop
2025-07-27 14:34:17.435: [INFO][Sync] Loading: Edge Hub App Usage
2025-07-27 14:34:17.435: [INFO][Sync] Loading: Edge Wallet
2025-07-27 14:34:17.449: [INFO][Sync] All data types are ready for configure.
2025-07-27 14:34:17.937: [INFO][Sync] Started DataTypeManager configuration, reason: 5
2025-07-27 14:34:17.937: [INFO][Sync] Configuring for: Bookmarks, Preferences, Passwords, Autofill Profiles, Autofill, Extensions, Sessions, Extension settings, History Delete Directives, Device Info, User Consents, Send Tab To Self, Web Apps, History, Saved Tab Group, WebAuthn Credentials, Collection, Edge E Drop, Edge Hub App Usage, Edge Wallet, Encryption Keys, reason: 5, current state: 1
2025-07-27 14:34:17.938: [INFO][SyncEngineBackend::DoStartConfiguration] Start configuration
2025-07-27 14:34:17.938: [INFO][SyncManagerImpl::NudgeForInitialDownload] Initial download nudge for Bookmarks
2025-07-27 14:34:17.938: [INFO][SyncManagerImpl::NudgeForInitialDownload] Initial download nudge for Preferences
2025-07-27 14:34:17.938: [INFO][SyncManagerImpl::NudgeForInitialDownload] Initial download nudge for Extensions
2025-07-27 14:34:17.938: [INFO][SyncManagerImpl::NudgeForInitialDownload] Initial download nudge for Sessions
2025-07-27 14:34:17.939: [INFO][SyncManagerImpl::NudgeForInitialDownload] Initial download nudge for Extension settings
2025-07-27 14:34:17.939: [INFO][SyncManagerImpl::NudgeForInitialDownload] Initial download nudge for History Delete Directives
2025-07-27 14:34:17.939: [INFO][SyncManagerImpl::NudgeForInitialDownload] Initial download nudge for Device Info
2025-07-27 14:34:17.939: [INFO][SyncManagerImpl::NudgeForInitialDownload] Initial download nudge for Send Tab To Self
2025-07-27 14:34:17.939: [INFO][SyncManagerImpl::NudgeForInitialDownload] Initial download nudge for Web Apps
2025-07-27 14:34:17.939: [INFO][SyncManagerImpl::NudgeForInitialDownload] Initial download nudge for History
2025-07-27 14:34:17.939: [INFO][SyncManagerImpl::NudgeForInitialDownload] Initial download nudge for Saved Tab Group
2025-07-27 14:34:17.939: [INFO][SyncManagerImpl::NudgeForInitialDownload] Initial download nudge for WebAuthn Credentials
2025-07-27 14:34:17.939: [INFO][SyncManagerImpl::NudgeForInitialDownload] Initial download nudge for Collection
2025-07-27 14:34:17.939: [INFO][SyncManagerImpl::NudgeForInitialDownload] Initial download nudge for Edge E Drop
2025-07-27 14:34:17.939: [INFO][SyncManagerImpl::NudgeForInitialDownload] Initial download nudge for Edge Hub App Usage
2025-07-27 14:34:17.939: [INFO][SyncManagerImpl::NudgeForInitialDownload] Initial download nudge for Edge Wallet
2025-07-27 14:34:17.939: [INFO][SyncManagerImpl::ConfigureSyncer] Types to download:  with reason: 3
2025-07-27 14:34:17.939: [INFO][SyncEngineBackend::DoFinishConfigureDataTypes] Failed to download types:  and succeeded types: 
2025-07-27 14:34:17.941: [INFO][Sync] ConfigurationDone, failed: , succeeded: , remaining count: 4
2025-07-27 14:34:17.941: [WARN][Sync]     Reconfigure requested while configuration ongoing.
2025-07-27 14:34:17.941: [INFO][Sync] Configuring for: Bookmarks, Preferences, Passwords, Autofill Profiles, Autofill, Extensions, Sessions, Extension settings, History Delete Directives, Device Info, User Consents, Send Tab To Self, Web Apps, History, Saved Tab Group, WebAuthn Credentials, Collection, Edge E Drop, Edge Hub App Usage, Edge Wallet, Encryption Keys, reason: 5, current state: 2
2025-07-27 14:34:17.941: [INFO][Sync] Configure, desired: Bookmarks, Preferences, Passwords, Autofill Profiles, Autofill, Extensions, Sessions, Extension settings, History Delete Directives, Device Info, User Consents, Send Tab To Self, Web Apps, History, Saved Tab Group, WebAuthn Credentials, Collection, Edge E Drop, Edge Hub App Usage, Edge Wallet, Encryption Keys; Allow fail: 
2025-07-27 14:34:17.941: [INFO][Sync] Loading: Passwords
2025-07-27 14:34:17.941: [INFO][Sync] Loading: Autofill Profiles
2025-07-27 14:34:17.941: [INFO][Sync] Loading: Autofill
2025-07-27 14:34:17.948: [INFO][Sync] All data types are ready for configure.
2025-07-27 14:34:17.948: [INFO][SyncManagerImpl::NudgeForInitialDownload] Initial download nudge for Passwords
2025-07-27 14:34:17.948: [INFO][SyncManagerImpl::NudgeForInitialDownload] Initial download nudge for Autofill Profiles
2025-07-27 14:34:17.948: [INFO][SyncManagerImpl::NudgeForInitialDownload] Initial download nudge for Autofill
2025-07-27 14:34:17.948: [INFO][SyncManagerImpl::ConfigureSyncer] Types to download:  with reason: 5
2025-07-27 14:34:17.948: [INFO][SyncEngineBackend::DoFinishConfigureDataTypes] Failed to download types:  and succeeded types: 
2025-07-27 14:34:17.949: [INFO][Sync] ConfigurationDone, failed: , succeeded: , remaining count: 4
2025-07-27 14:34:17.949: [INFO][Sync] Prepare to configure types: Preferences, Passwords, Device Info, Send Tab To Self, Edge E Drop, Encryption Keys
2025-07-27 14:34:17.949: [INFO][SyncManagerImpl::ConfigureSyncer] Types to download: Preferences, Passwords, Device Info, Send Tab To Self, Edge E Drop, Encryption Keys with reason: 5
2025-07-27 14:34:17.949: [INFO][SyncSchedulerImpl::DoConfigurationSyncCycleJob] Blocked types:  and types to download: Preferences, Passwords, Device Info, Send Tab To Self, Edge E Drop, Encryption Keys
2025-07-27 14:34:18.250: [INFO][SyncEngineBackend::DoFinishConfigureDataTypes] Failed to download types:  and succeeded types: Preferences, Passwords, Device Info, Send Tab To Self, Edge E Drop, Encryption Keys
2025-07-27 14:34:18.253: [INFO][Sync] ConfigurationDone, failed: , succeeded: Preferences, Passwords, Device Info, Send Tab To Self, Edge E Drop, Encryption Keys, remaining count: 3
2025-07-27 14:34:18.253: [INFO][Sync] Prepare to configure types: Bookmarks, Encryption Keys
2025-07-27 14:34:18.253: [INFO][SyncManagerImpl::ConfigureSyncer] Types to download: Bookmarks, Encryption Keys with reason: 5
2025-07-27 14:34:18.253: [INFO][SyncSchedulerImpl::DoConfigurationSyncCycleJob] Blocked types:  and types to download: Bookmarks, Encryption Keys
2025-07-27 14:34:18.533: [INFO][SyncEngineBackend::DoFinishConfigureDataTypes] Failed to download types:  and succeeded types: Bookmarks, Encryption Keys
2025-07-27 14:34:18.534: [INFO][Sync] ConfigurationDone, failed: , succeeded: Bookmarks, Encryption Keys, remaining count: 2
2025-07-27 14:34:18.534: [INFO][Sync] Prepare to configure types: Autofill Profiles, Autofill, Extensions, Sessions, Extension settings, History Delete Directives, Web Apps, Saved Tab Group, WebAuthn Credentials, Collection, Edge Hub App Usage, Edge Wallet, Encryption Keys
2025-07-27 14:34:18.534: [INFO][SyncManagerImpl::ConfigureSyncer] Types to download: Autofill Profiles, Autofill, Extensions, Sessions, Extension settings, History Delete Directives, Web Apps, Saved Tab Group, WebAuthn Credentials, Collection, Edge Hub App Usage, Edge Wallet, Encryption Keys with reason: 5
2025-07-27 14:34:18.535: [INFO][SyncSchedulerImpl::DoConfigurationSyncCycleJob] Blocked types:  and types to download: Autofill Profiles, Autofill, Extensions, Sessions, Extension settings, History Delete Directives, Web Apps, Saved Tab Group, WebAuthn Credentials, Collection, Edge Hub App Usage, Edge Wallet, Encryption Keys
2025-07-27 14:34:18.848: [INFO][SyncEngineBackend::DoFinishConfigureDataTypes] Failed to download types:  and succeeded types: Autofill Profiles, Autofill, Extensions, Sessions, Extension settings, History Delete Directives, Web Apps, Saved Tab Group, WebAuthn Credentials, Collection, Edge Hub App Usage, Edge Wallet, Encryption Keys
2025-07-27 14:34:18.850: [INFO][Sync] ConfigurationDone, failed: , succeeded: Autofill Profiles, Autofill, Extensions, Sessions, Extension settings, History Delete Directives, Web Apps, Saved Tab Group, WebAuthn Credentials, Collection, Edge Hub App Usage, Edge Wallet, Encryption Keys, remaining count: 1
2025-07-27 14:34:18.853: [INFO][Sync] Prepare to configure types: History, Encryption Keys
2025-07-27 14:34:18.853: [INFO][SyncManagerImpl::ConfigureSyncer] Types to download: History, Encryption Keys with reason: 5
2025-07-27 14:34:18.853: [INFO][SyncSchedulerImpl::DoConfigurationSyncCycleJob] Blocked types:  and types to download: History, Encryption Keys
2025-07-27 14:34:19.183: [INFO][SyncEngineBackend::DoFinishConfigureDataTypes] Failed to download types:  and succeeded types: History, Encryption Keys
2025-07-27 14:34:19.184: [INFO][Sync] ConfigurationDone, failed: , succeeded: History, Encryption Keys, remaining count: 0
2025-07-27 14:34:19.187: [INFO][Sync]     Configuration completed, state: 7
2025-07-27 14:34:19.187: [INFO][Sync] Configured DataTypeManager: Ok
2025-07-27 14:34:19.192: [INFO][SyncEngineBackend::DoStartSyncing] Start syncing
2025-07-27 14:35:26.541: [INFO][Sync] Reset engine, reason: 0
2025-07-27 14:35:26.541: [INFO][Sync] Reset engine with reason: 0
2025-07-27 14:43:33.966: [INFO][Sync] SyncState after authenticated was: FeatureCanStart
2025-07-27 14:43:36.337: [INFO][Sync] Try to start sync engine
2025-07-27 14:43:36.344: [INFO][SyncManagerImpl::NudgeForInitialDownload] Initial download nudge for Encryption Keys
2025-07-27 14:43:36.344: [INFO][SyncEngineBackend::LoadAndConnectNigoriController] Load and connect Nigori controller
2025-07-27 14:43:36.344: [INFO][SyncEngineBackend::DoInitialize] Control Types added: Encryption Keys
2025-07-27 14:43:36.344: [INFO][SyncManagerImpl::ConfigureSyncer] Types to download: Encryption Keys with reason: 3
2025-07-27 14:43:36.344: [INFO][SyncSchedulerImpl::DoConfigurationSyncCycleJob] Configure job was blocked
2025-07-27 14:43:36.465: [INFO][SyncAuthManager::SetLastAuthError] Current auth error: None
2025-07-27 14:43:36.465: [INFO][SyncAuthManager::EdgeLogTokenErrorState] Token error with: None for account type: MSA
2025-07-27 14:43:36.465: [INFO][Sync] Credentials changed for: EdgeSyncScopeNew
2025-07-27 14:43:37.589: [INFO][SyncAuthManager::SetLastAuthError] Current auth error: None
2025-07-27 14:43:37.590: [INFO][SyncAuthManager::EdgeLogTokenErrorState] Token error with: None for account type: MSA
2025-07-27 14:43:37.590: [INFO][Sync] Credentials changed for: EdgeSyncKeyDataScope
2025-07-27 14:43:37.590: [INFO][SyncEngineBackend::DoUpdateKeyDataCredentials] Update key data credentials
2025-07-27 14:43:37.590: [INFO][SyncEngineBackend::DoUpdateCredentials] Update credentials
2025-07-27 14:43:37.590: [INFO][SyncSchedulerImpl::DoConfigurationSyncCycleJob] Blocked types:  and types to download: Encryption Keys
2025-07-27 14:43:37.888: [INFO][Sync] Started DataTypeManager configuration, reason: 4
2025-07-27 14:43:37.889: [INFO][Sync] Configuring for: Bookmarks, Preferences, Passwords, Autofill Profiles, Autofill, Extensions, Sessions, Extension settings, History Delete Directives, Device Info, User Consents, Send Tab To Self, Web Apps, History, Saved Tab Group, WebAuthn Credentials, Collection, Edge E Drop, Edge Hub App Usage, Edge Wallet, Encryption Keys, reason: 4, current state: 0
2025-07-27 14:43:37.889: [WARN][Sync] Crypto error data types: Passwords, Autofill Profiles, Autofill
2025-07-27 14:43:37.892: [INFO][Sync] Configure, desired: Bookmarks, Preferences, Extensions, Sessions, Extension settings, History Delete Directives, Device Info, User Consents, Send Tab To Self, Web Apps, History, Saved Tab Group, WebAuthn Credentials, Collection, Edge E Drop, Edge Hub App Usage, Edge Wallet, Encryption Keys; Allow fail: Passwords, Autofill Profiles, Autofill
2025-07-27 14:43:37.892: [INFO][Sync] Loading: Bookmarks
2025-07-27 14:43:37.892: [INFO][Sync] Loading: Preferences
2025-07-27 14:43:37.892: [INFO][Sync] Loading: Extensions
2025-07-27 14:43:37.892: [INFO][Sync] Loading: Sessions
2025-07-27 14:43:37.892: [INFO][Sync] Loading: Extension settings
2025-07-27 14:43:37.892: [INFO][Sync] Loading: History Delete Directives
2025-07-27 14:43:37.892: [INFO][Sync] Loading: Device Info
2025-07-27 14:43:37.892: [INFO][Sync] Loading: User Consents
2025-07-27 14:43:37.892: [INFO][Sync] Loading: Send Tab To Self
2025-07-27 14:43:37.892: [INFO][Sync] Loading: Web Apps
2025-07-27 14:43:37.892: [INFO][Sync] Loading: History
2025-07-27 14:43:37.892: [INFO][Sync] Loading: Saved Tab Group
2025-07-27 14:43:37.892: [INFO][Sync] Loading: WebAuthn Credentials
2025-07-27 14:43:37.892: [INFO][Sync] Loading: Collection
2025-07-27 14:43:37.892: [INFO][Sync] Loading: Edge E Drop
2025-07-27 14:43:37.892: [INFO][Sync] Loading: Edge Hub App Usage
2025-07-27 14:43:37.892: [INFO][Sync] Loading: Edge Wallet
2025-07-27 14:43:37.906: [INFO][Sync] All data types are ready for configure.
2025-07-27 14:43:38.323: [INFO][Sync] Started DataTypeManager configuration, reason: 5
2025-07-27 14:43:38.323: [INFO][Sync] Configuring for: Bookmarks, Preferences, Passwords, Autofill Profiles, Autofill, Extensions, Sessions, Extension settings, History Delete Directives, Device Info, User Consents, Send Tab To Self, Web Apps, History, Saved Tab Group, WebAuthn Credentials, Collection, Edge E Drop, Edge Hub App Usage, Edge Wallet, Encryption Keys, reason: 5, current state: 1
2025-07-27 14:43:38.325: [INFO][SyncEngineBackend::DoStartConfiguration] Start configuration
2025-07-27 14:43:38.326: [INFO][SyncManagerImpl::ConfigureSyncer] Types to download:  with reason: 4
2025-07-27 14:43:38.326: [INFO][SyncEngineBackend::DoFinishConfigureDataTypes] Failed to download types:  and succeeded types: 
2025-07-27 14:43:38.332: [INFO][Sync] ConfigurationDone, failed: , succeeded: , remaining count: 4
2025-07-27 14:43:38.332: [WARN][Sync]     Reconfigure requested while configuration ongoing.
2025-07-27 14:43:38.332: [INFO][Sync] Configuring for: Bookmarks, Preferences, Passwords, Autofill Profiles, Autofill, Extensions, Sessions, Extension settings, History Delete Directives, Device Info, User Consents, Send Tab To Self, Web Apps, History, Saved Tab Group, WebAuthn Credentials, Collection, Edge E Drop, Edge Hub App Usage, Edge Wallet, Encryption Keys, reason: 5, current state: 2
2025-07-27 14:43:38.332: [INFO][Sync] Configure, desired: Bookmarks, Preferences, Passwords, Autofill Profiles, Autofill, Extensions, Sessions, Extension settings, History Delete Directives, Device Info, User Consents, Send Tab To Self, Web Apps, History, Saved Tab Group, WebAuthn Credentials, Collection, Edge E Drop, Edge Hub App Usage, Edge Wallet, Encryption Keys; Allow fail: 
2025-07-27 14:43:38.332: [INFO][Sync] Loading: Passwords
2025-07-27 14:43:38.332: [INFO][Sync] Loading: Autofill Profiles
2025-07-27 14:43:38.332: [INFO][Sync] Loading: Autofill
2025-07-27 14:43:38.333: [INFO][Sync] All data types are ready for configure.
2025-07-27 14:43:38.333: [INFO][SyncManagerImpl::ConfigureSyncer] Types to download:  with reason: 5
2025-07-27 14:43:38.333: [INFO][SyncEngineBackend::DoFinishConfigureDataTypes] Failed to download types:  and succeeded types: 
2025-07-27 14:43:38.334: [INFO][Sync] ConfigurationDone, failed: , succeeded: , remaining count: 4
2025-07-27 14:43:38.334: [INFO][SyncManagerImpl::ConfigureSyncer] Types to download:  with reason: 5
2025-07-27 14:43:38.334: [INFO][SyncEngineBackend::DoFinishConfigureDataTypes] Failed to download types:  and succeeded types: 
2025-07-27 14:43:38.336: [INFO][Sync] ConfigurationDone, failed: , succeeded: , remaining count: 3
2025-07-27 14:43:38.336: [INFO][SyncManagerImpl::ConfigureSyncer] Types to download:  with reason: 5
2025-07-27 14:43:38.336: [INFO][SyncEngineBackend::DoFinishConfigureDataTypes] Failed to download types:  and succeeded types: 
2025-07-27 14:43:38.336: [INFO][Sync] ConfigurationDone, failed: , succeeded: , remaining count: 2
2025-07-27 14:43:38.336: [INFO][SyncManagerImpl::ConfigureSyncer] Types to download:  with reason: 5
2025-07-27 14:43:38.336: [INFO][SyncEngineBackend::DoFinishConfigureDataTypes] Failed to download types:  and succeeded types: 
2025-07-27 14:43:38.336: [INFO][Sync] ConfigurationDone, failed: , succeeded: , remaining count: 1
2025-07-27 14:43:38.338: [INFO][SyncManagerImpl::ConfigureSyncer] Types to download:  with reason: 5
2025-07-27 14:43:38.338: [INFO][SyncEngineBackend::DoFinishConfigureDataTypes] Failed to download types:  and succeeded types: 
2025-07-27 14:43:38.338: [INFO][Sync] ConfigurationDone, failed: , succeeded: , remaining count: 0
2025-07-27 14:43:38.341: [INFO][Sync]     Configuration completed, state: 7
2025-07-27 14:43:38.342: [INFO][Sync] Configured DataTypeManager: Ok
2025-07-27 14:43:38.345: [INFO][SyncEngineBackend::DoStartSyncing] Start syncing
2025-07-27 14:44:32.931: [INFO][Sync] Reset engine, reason: 0
2025-07-27 14:44:32.931: [INFO][Sync] Reset engine with reason: 0
2025-07-27 14:49:22.696: [INFO][Sync] SyncState after authenticated was: FeatureCanStart
2025-07-27 14:49:23.502: [INFO][Sync] Try to start sync engine
2025-07-27 14:49:23.504: [INFO][SyncManagerImpl::NudgeForInitialDownload] Initial download nudge for Encryption Keys
2025-07-27 14:49:23.504: [INFO][SyncEngineBackend::LoadAndConnectNigoriController] Load and connect Nigori controller
2025-07-27 14:49:23.504: [INFO][SyncEngineBackend::DoInitialize] Control Types added: Encryption Keys
2025-07-27 14:49:23.505: [INFO][SyncManagerImpl::ConfigureSyncer] Types to download: Encryption Keys with reason: 3
2025-07-27 14:49:23.505: [INFO][SyncSchedulerImpl::DoConfigurationSyncCycleJob] Configure job was blocked
2025-07-27 14:49:23.656: [INFO][SyncAuthManager::SetLastAuthError] Current auth error: None
2025-07-27 14:49:23.656: [INFO][SyncAuthManager::EdgeLogTokenErrorState] Token error with: None for account type: MSA
2025-07-27 14:49:23.656: [INFO][Sync] Credentials changed for: EdgeSyncScopeNew
2025-07-27 14:49:25.493: [INFO][SyncAuthManager::SetLastAuthError] Current auth error: None
2025-07-27 14:49:25.493: [INFO][SyncAuthManager::EdgeLogTokenErrorState] Token error with: None for account type: MSA
2025-07-27 14:49:25.493: [INFO][Sync] Credentials changed for: EdgeSyncKeyDataScope
2025-07-27 14:49:25.494: [INFO][SyncEngineBackend::DoUpdateKeyDataCredentials] Update key data credentials
2025-07-27 14:49:25.494: [INFO][SyncEngineBackend::DoUpdateCredentials] Update credentials
2025-07-27 14:49:25.495: [INFO][SyncSchedulerImpl::DoConfigurationSyncCycleJob] Blocked types:  and types to download: Encryption Keys
2025-07-27 14:49:26.459: [INFO][Sync] Started DataTypeManager configuration, reason: 4
2025-07-27 14:49:26.460: [INFO][Sync] Configuring for: Bookmarks, Preferences, Passwords, Autofill Profiles, Autofill, Extensions, Sessions, Extension settings, History Delete Directives, Device Info, User Consents, Send Tab To Self, Web Apps, History, Saved Tab Group, WebAuthn Credentials, Collection, Edge E Drop, Edge Hub App Usage, Edge Wallet, Encryption Keys, reason: 4, current state: 0
2025-07-27 14:49:26.460: [WARN][Sync] Crypto error data types: Passwords, Autofill Profiles, Autofill
2025-07-27 14:49:26.466: [INFO][Sync] Configure, desired: Bookmarks, Preferences, Extensions, Sessions, Extension settings, History Delete Directives, Device Info, User Consents, Send Tab To Self, Web Apps, History, Saved Tab Group, WebAuthn Credentials, Collection, Edge E Drop, Edge Hub App Usage, Edge Wallet, Encryption Keys; Allow fail: Passwords, Autofill Profiles, Autofill
2025-07-27 14:49:26.466: [INFO][Sync] Loading: Bookmarks
2025-07-27 14:49:26.467: [INFO][Sync] Loading: Preferences
2025-07-27 14:49:26.467: [INFO][Sync] Loading: Extensions
2025-07-27 14:49:26.468: [INFO][Sync] Loading: Sessions
2025-07-27 14:49:26.468: [INFO][Sync] Loading: Extension settings
2025-07-27 14:49:26.468: [INFO][Sync] Loading: History Delete Directives
2025-07-27 14:49:26.469: [INFO][Sync] Loading: Device Info
2025-07-27 14:49:26.469: [INFO][Sync] Loading: User Consents
2025-07-27 14:49:26.469: [INFO][Sync] Loading: Send Tab To Self
2025-07-27 14:49:26.469: [INFO][Sync] Loading: Web Apps
2025-07-27 14:49:26.469: [INFO][Sync] Loading: History
2025-07-27 14:49:26.469: [INFO][Sync] Loading: Saved Tab Group
2025-07-27 14:49:26.470: [INFO][Sync] Loading: WebAuthn Credentials
2025-07-27 14:49:26.470: [INFO][Sync] Loading: Collection
2025-07-27 14:49:26.470: [INFO][Sync] Loading: Edge E Drop
2025-07-27 14:49:26.470: [INFO][Sync] Loading: Edge Hub App Usage
2025-07-27 14:49:26.470: [INFO][Sync] Loading: Edge Wallet
2025-07-27 14:49:26.494: [INFO][Sync] All data types are ready for configure.
2025-07-27 14:49:27.036: [INFO][Sync] Started DataTypeManager configuration, reason: 5
2025-07-27 14:49:27.036: [INFO][Sync] Configuring for: Bookmarks, Preferences, Passwords, Autofill Profiles, Autofill, Extensions, Sessions, Extension settings, History Delete Directives, Device Info, User Consents, Send Tab To Self, Web Apps, History, Saved Tab Group, WebAuthn Credentials, Collection, Edge E Drop, Edge Hub App Usage, Edge Wallet, Encryption Keys, reason: 5, current state: 1
2025-07-27 14:49:27.038: [INFO][SyncEngineBackend::DoStartConfiguration] Start configuration
2025-07-27 14:49:27.039: [INFO][SyncManagerImpl::ConfigureSyncer] Types to download:  with reason: 4
2025-07-27 14:49:27.039: [INFO][SyncEngineBackend::DoFinishConfigureDataTypes] Failed to download types:  and succeeded types: 
2025-07-27 14:49:27.041: [INFO][Sync] ConfigurationDone, failed: , succeeded: , remaining count: 4
2025-07-27 14:49:27.041: [WARN][Sync]     Reconfigure requested while configuration ongoing.
2025-07-27 14:49:27.041: [INFO][Sync] Configuring for: Bookmarks, Preferences, Passwords, Autofill Profiles, Autofill, Extensions, Sessions, Extension settings, History Delete Directives, Device Info, User Consents, Send Tab To Self, Web Apps, History, Saved Tab Group, WebAuthn Credentials, Collection, Edge E Drop, Edge Hub App Usage, Edge Wallet, Encryption Keys, reason: 5, current state: 2
2025-07-27 14:49:27.041: [INFO][Sync] Configure, desired: Bookmarks, Preferences, Passwords, Autofill Profiles, Autofill, Extensions, Sessions, Extension settings, History Delete Directives, Device Info, User Consents, Send Tab To Self, Web Apps, History, Saved Tab Group, WebAuthn Credentials, Collection, Edge E Drop, Edge Hub App Usage, Edge Wallet, Encryption Keys; Allow fail: 
2025-07-27 14:49:27.042: [INFO][Sync] Loading: Passwords
2025-07-27 14:49:27.042: [INFO][Sync] Loading: Autofill Profiles
2025-07-27 14:49:27.042: [INFO][Sync] Loading: Autofill
2025-07-27 14:49:27.050: [INFO][Sync] All data types are ready for configure.
2025-07-27 14:49:27.050: [INFO][SyncManagerImpl::ConfigureSyncer] Types to download:  with reason: 5
2025-07-27 14:49:27.050: [INFO][SyncEngineBackend::DoFinishConfigureDataTypes] Failed to download types:  and succeeded types: 
2025-07-27 14:49:27.051: [INFO][Sync] ConfigurationDone, failed: , succeeded: , remaining count: 4
2025-07-27 14:49:27.051: [INFO][SyncManagerImpl::ConfigureSyncer] Types to download:  with reason: 5
2025-07-27 14:49:27.051: [INFO][SyncEngineBackend::DoFinishConfigureDataTypes] Failed to download types:  and succeeded types: 
2025-07-27 14:49:27.051: [INFO][Sync] ConfigurationDone, failed: , succeeded: , remaining count: 3
2025-07-27 14:49:27.051: [INFO][SyncManagerImpl::ConfigureSyncer] Types to download:  with reason: 5
2025-07-27 14:49:27.051: [INFO][SyncEngineBackend::DoFinishConfigureDataTypes] Failed to download types:  and succeeded types: 
2025-07-27 14:49:27.051: [INFO][Sync] ConfigurationDone, failed: , succeeded: , remaining count: 2
2025-07-27 14:49:27.051: [INFO][SyncManagerImpl::ConfigureSyncer] Types to download:  with reason: 5
2025-07-27 14:49:27.051: [INFO][SyncEngineBackend::DoFinishConfigureDataTypes] Failed to download types:  and succeeded types: 
2025-07-27 14:49:27.051: [INFO][Sync] ConfigurationDone, failed: , succeeded: , remaining count: 1
2025-07-27 14:49:27.057: [INFO][SyncManagerImpl::ConfigureSyncer] Types to download:  with reason: 5
2025-07-27 14:49:27.057: [INFO][SyncEngineBackend::DoFinishConfigureDataTypes] Failed to download types:  and succeeded types: 
2025-07-27 14:49:27.063: [INFO][Sync] ConfigurationDone, failed: , succeeded: , remaining count: 0
2025-07-27 14:49:27.064: [INFO][Sync]     Configuration completed, state: 7
2025-07-27 14:49:27.065: [INFO][Sync] Configured DataTypeManager: Ok
2025-07-27 14:49:27.069: [INFO][SyncEngineBackend::DoStartSyncing] Start syncing
2025-07-27 15:33:10.941: [INFO][Sync] Reset engine, reason: 0
2025-07-27 15:33:10.941: [INFO][Sync] Reset engine with reason: 0
2025-07-27 15:50:07.252: [INFO][Sync] SyncState after authenticated was: FeatureCanStart
2025-07-27 15:50:08.359: [INFO][Sync] Try to start sync engine
2025-07-27 15:50:08.362: [INFO][SyncManagerImpl::NudgeForInitialDownload] Initial download nudge for Encryption Keys
2025-07-27 15:50:08.362: [INFO][SyncEngineBackend::LoadAndConnectNigoriController] Load and connect Nigori controller
2025-07-27 15:50:08.362: [INFO][SyncEngineBackend::DoInitialize] Control Types added: Encryption Keys
2025-07-27 15:50:08.362: [INFO][SyncManagerImpl::ConfigureSyncer] Types to download: Encryption Keys with reason: 3
2025-07-27 15:50:08.362: [INFO][SyncSchedulerImpl::DoConfigurationSyncCycleJob] Configure job was blocked
2025-07-27 15:50:08.413: [INFO][SyncAuthManager::SetLastAuthError] Current auth error: None
2025-07-27 15:50:08.413: [INFO][SyncAuthManager::EdgeLogTokenErrorState] Token error with: None for account type: MSA
2025-07-27 15:50:08.413: [INFO][Sync] Credentials changed for: EdgeSyncScopeNew
2025-07-27 15:50:09.198: [INFO][SyncAuthManager::SetLastAuthError] Current auth error: None
2025-07-27 15:50:09.198: [INFO][SyncAuthManager::EdgeLogTokenErrorState] Token error with: None for account type: MSA
2025-07-27 15:50:09.198: [INFO][Sync] Credentials changed for: EdgeSyncKeyDataScope
2025-07-27 15:50:09.198: [INFO][SyncEngineBackend::DoUpdateKeyDataCredentials] Update key data credentials
2025-07-27 15:50:09.198: [INFO][SyncEngineBackend::DoUpdateCredentials] Update credentials
2025-07-27 15:50:09.198: [INFO][SyncSchedulerImpl::DoConfigurationSyncCycleJob] Blocked types:  and types to download: Encryption Keys
2025-07-27 15:50:09.479: [INFO][Sync] Started DataTypeManager configuration, reason: 4
2025-07-27 15:50:09.480: [INFO][Sync] Configuring for: Bookmarks, Preferences, Passwords, Autofill Profiles, Autofill, Extensions, Sessions, Extension settings, History Delete Directives, Device Info, User Consents, Send Tab To Self, Web Apps, History, Saved Tab Group, WebAuthn Credentials, Collection, Edge E Drop, Edge Hub App Usage, Edge Wallet, Encryption Keys, reason: 4, current state: 0
2025-07-27 15:50:09.480: [WARN][Sync] Crypto error data types: Passwords, Autofill Profiles, Autofill
2025-07-27 15:50:09.482: [INFO][Sync] Configure, desired: Bookmarks, Preferences, Extensions, Sessions, Extension settings, History Delete Directives, Device Info, User Consents, Send Tab To Self, Web Apps, History, Saved Tab Group, WebAuthn Credentials, Collection, Edge E Drop, Edge Hub App Usage, Edge Wallet, Encryption Keys; Allow fail: Passwords, Autofill Profiles, Autofill
2025-07-27 15:50:09.482: [INFO][Sync] Loading: Bookmarks
2025-07-27 15:50:09.483: [INFO][Sync] Loading: Preferences
2025-07-27 15:50:09.483: [INFO][Sync] Loading: Extensions
2025-07-27 15:50:09.483: [INFO][Sync] Loading: Sessions
2025-07-27 15:50:09.483: [INFO][Sync] Loading: Extension settings
2025-07-27 15:50:09.483: [INFO][Sync] Loading: History Delete Directives
2025-07-27 15:50:09.483: [INFO][Sync] Loading: Device Info
2025-07-27 15:50:09.483: [INFO][Sync] Loading: User Consents
2025-07-27 15:50:09.483: [INFO][Sync] Loading: Send Tab To Self
2025-07-27 15:50:09.483: [INFO][Sync] Loading: Web Apps
2025-07-27 15:50:09.483: [INFO][Sync] Loading: History
2025-07-27 15:50:09.483: [INFO][Sync] Loading: Saved Tab Group
2025-07-27 15:50:09.483: [INFO][Sync] Loading: WebAuthn Credentials
2025-07-27 15:50:09.483: [INFO][Sync] Loading: Collection
2025-07-27 15:50:09.483: [INFO][Sync] Loading: Edge E Drop
2025-07-27 15:50:09.483: [INFO][Sync] Loading: Edge Hub App Usage
2025-07-27 15:50:09.483: [INFO][Sync] Loading: Edge Wallet
2025-07-27 15:50:09.489: [INFO][Sync] All data types are ready for configure.
2025-07-27 15:50:10.028: [INFO][SyncEngineBackend::DoStartConfiguration] Start configuration
2025-07-27 15:50:10.028: [INFO][SyncManagerImpl::ConfigureSyncer] Types to download:  with reason: 4
2025-07-27 15:50:10.028: [INFO][SyncEngineBackend::DoFinishConfigureDataTypes] Failed to download types:  and succeeded types: 
2025-07-27 15:50:10.031: [INFO][Sync] Started DataTypeManager configuration, reason: 5
2025-07-27 15:50:10.031: [INFO][Sync] Configuring for: Bookmarks, Preferences, Passwords, Autofill Profiles, Autofill, Extensions, Sessions, Extension settings, History Delete Directives, Device Info, User Consents, Send Tab To Self, Web Apps, History, Saved Tab Group, WebAuthn Credentials, Collection, Edge E Drop, Edge Hub App Usage, Edge Wallet, Encryption Keys, reason: 5, current state: 1
2025-07-27 15:50:10.034: [INFO][Sync] ConfigurationDone, failed: , succeeded: , remaining count: 4
2025-07-27 15:50:10.034: [WARN][Sync]     Reconfigure requested while configuration ongoing.
2025-07-27 15:50:10.034: [INFO][Sync] Configuring for: Bookmarks, Preferences, Passwords, Autofill Profiles, Autofill, Extensions, Sessions, Extension settings, History Delete Directives, Device Info, User Consents, Send Tab To Self, Web Apps, History, Saved Tab Group, WebAuthn Credentials, Collection, Edge E Drop, Edge Hub App Usage, Edge Wallet, Encryption Keys, reason: 5, current state: 2
2025-07-27 15:50:10.034: [INFO][Sync] Configure, desired: Bookmarks, Preferences, Passwords, Autofill Profiles, Autofill, Extensions, Sessions, Extension settings, History Delete Directives, Device Info, User Consents, Send Tab To Self, Web Apps, History, Saved Tab Group, WebAuthn Credentials, Collection, Edge E Drop, Edge Hub App Usage, Edge Wallet, Encryption Keys; Allow fail: 
2025-07-27 15:50:10.034: [INFO][Sync] Loading: Passwords
2025-07-27 15:50:10.034: [INFO][Sync] Loading: Autofill Profiles
2025-07-27 15:50:10.034: [INFO][Sync] Loading: Autofill
2025-07-27 15:50:10.034: [INFO][Sync] All data types are ready for configure.
2025-07-27 15:50:10.034: [INFO][SyncManagerImpl::NudgeForInitialDownload] Initial download nudge for Passwords
2025-07-27 15:50:10.034: [INFO][SyncManagerImpl::ConfigureSyncer] Types to download:  with reason: 5
2025-07-27 15:50:10.034: [INFO][SyncEngineBackend::DoFinishConfigureDataTypes] Failed to download types:  and succeeded types: 
2025-07-27 15:50:10.035: [INFO][Sync] ConfigurationDone, failed: , succeeded: , remaining count: 4
2025-07-27 15:50:10.035: [INFO][Sync] Prepare to configure types: Passwords, Encryption Keys
2025-07-27 15:50:10.035: [INFO][SyncManagerImpl::ConfigureSyncer] Types to download: Passwords, Encryption Keys with reason: 5
2025-07-27 15:50:10.035: [INFO][SyncSchedulerImpl::DoConfigurationSyncCycleJob] Blocked types:  and types to download: Passwords, Encryption Keys
2025-07-27 15:50:10.334: [INFO][SyncEngineBackend::DoFinishConfigureDataTypes] Failed to download types:  and succeeded types: Passwords, Encryption Keys
2025-07-27 15:50:10.337: [INFO][Sync] ConfigurationDone, failed: , succeeded: Passwords, Encryption Keys, remaining count: 3
2025-07-27 15:50:10.337: [INFO][SyncManagerImpl::ConfigureSyncer] Types to download:  with reason: 5
2025-07-27 15:50:10.337: [INFO][SyncEngineBackend::DoFinishConfigureDataTypes] Failed to download types:  and succeeded types: 
2025-07-27 15:50:10.337: [INFO][Sync] ConfigurationDone, failed: , succeeded: , remaining count: 2
2025-07-27 15:50:10.337: [INFO][SyncManagerImpl::ConfigureSyncer] Types to download:  with reason: 5
2025-07-27 15:50:10.337: [INFO][SyncEngineBackend::DoFinishConfigureDataTypes] Failed to download types:  and succeeded types: 
2025-07-27 15:50:10.345: [INFO][Sync] ConfigurationDone, failed: , succeeded: , remaining count: 1
2025-07-27 15:50:10.347: [INFO][SyncManagerImpl::ConfigureSyncer] Types to download:  with reason: 5
2025-07-27 15:50:10.347: [INFO][SyncEngineBackend::DoFinishConfigureDataTypes] Failed to download types:  and succeeded types: 
2025-07-27 15:50:10.347: [INFO][Sync] ConfigurationDone, failed: , succeeded: , remaining count: 0
2025-07-27 15:50:10.350: [INFO][Sync]     Configuration completed, state: 7
2025-07-27 15:50:10.350: [INFO][Sync] Configured DataTypeManager: Ok
2025-07-27 15:50:10.353: [INFO][SyncEngineBackend::DoStartSyncing] Start syncing
2025-07-27 16:02:00.866: [INFO][Sync] Reset engine, reason: 0
2025-07-27 16:02:00.866: [INFO][Sync] Reset engine with reason: 0
2025-07-27 16:29:48.679: [INFO][Sync] SyncState after authenticated was: FeatureCanStart
2025-07-27 16:29:50.125: [INFO][Sync] Try to start sync engine
2025-07-27 16:29:50.132: [INFO][SyncManagerImpl::NudgeForInitialDownload] Initial download nudge for Encryption Keys
2025-07-27 16:29:50.132: [INFO][SyncEngineBackend::LoadAndConnectNigoriController] Load and connect Nigori controller
2025-07-27 16:29:50.132: [INFO][SyncEngineBackend::DoInitialize] Control Types added: Encryption Keys
2025-07-27 16:29:50.132: [INFO][SyncManagerImpl::ConfigureSyncer] Types to download: Encryption Keys with reason: 3
2025-07-27 16:29:50.132: [INFO][SyncSchedulerImpl::DoConfigurationSyncCycleJob] Configure job was blocked
2025-07-27 16:29:50.200: [INFO][SyncAuthManager::SetLastAuthError] Current auth error: None
2025-07-27 16:29:50.200: [INFO][SyncAuthManager::EdgeLogTokenErrorState] Token error with: None for account type: MSA
2025-07-27 16:29:50.200: [INFO][Sync] Credentials changed for: EdgeSyncScopeNew
2025-07-27 16:29:51.338: [INFO][SyncAuthManager::SetLastAuthError] Current auth error: None
2025-07-27 16:29:51.338: [INFO][SyncAuthManager::EdgeLogTokenErrorState] Token error with: None for account type: MSA
2025-07-27 16:29:51.338: [INFO][Sync] Credentials changed for: EdgeSyncKeyDataScope
2025-07-27 16:29:51.338: [INFO][SyncEngineBackend::DoUpdateKeyDataCredentials] Update key data credentials
2025-07-27 16:29:51.338: [INFO][SyncEngineBackend::DoUpdateCredentials] Update credentials
2025-07-27 16:29:51.338: [INFO][SyncSchedulerImpl::DoConfigurationSyncCycleJob] Blocked types:  and types to download: Encryption Keys
2025-07-27 16:29:51.646: [INFO][Sync] Started DataTypeManager configuration, reason: 4
2025-07-27 16:29:51.647: [INFO][Sync] Configuring for: Bookmarks, Preferences, Passwords, Autofill Profiles, Autofill, Extensions, Sessions, Extension settings, History Delete Directives, Device Info, User Consents, Send Tab To Self, Web Apps, History, Saved Tab Group, WebAuthn Credentials, Collection, Edge E Drop, Edge Hub App Usage, Edge Wallet, Encryption Keys, reason: 4, current state: 0
2025-07-27 16:29:51.647: [WARN][Sync] Crypto error data types: Passwords, Autofill Profiles, Autofill
2025-07-27 16:29:51.652: [INFO][Sync] Configure, desired: Bookmarks, Preferences, Extensions, Sessions, Extension settings, History Delete Directives, Device Info, User Consents, Send Tab To Self, Web Apps, History, Saved Tab Group, WebAuthn Credentials, Collection, Edge E Drop, Edge Hub App Usage, Edge Wallet, Encryption Keys; Allow fail: Passwords, Autofill Profiles, Autofill
2025-07-27 16:29:51.653: [INFO][Sync] Loading: Bookmarks
2025-07-27 16:29:51.653: [INFO][Sync] Loading: Preferences
2025-07-27 16:29:51.653: [INFO][Sync] Loading: Extensions
2025-07-27 16:29:51.654: [INFO][Sync] Loading: Sessions
2025-07-27 16:29:51.654: [INFO][Sync] Loading: Extension settings
2025-07-27 16:29:51.654: [INFO][Sync] Loading: History Delete Directives
2025-07-27 16:29:51.655: [INFO][Sync] Loading: Device Info
2025-07-27 16:29:51.655: [INFO][Sync] Loading: User Consents
2025-07-27 16:29:51.655: [INFO][Sync] Loading: Send Tab To Self
2025-07-27 16:29:51.655: [INFO][Sync] Loading: Web Apps
2025-07-27 16:29:51.655: [INFO][Sync] Loading: History
2025-07-27 16:29:51.655: [INFO][Sync] Loading: Saved Tab Group
2025-07-27 16:29:51.655: [INFO][Sync] Loading: WebAuthn Credentials
2025-07-27 16:29:51.655: [INFO][Sync] Loading: Collection
2025-07-27 16:29:51.655: [INFO][Sync] Loading: Edge E Drop
2025-07-27 16:29:51.655: [INFO][Sync] Loading: Edge Hub App Usage
2025-07-27 16:29:51.655: [INFO][Sync] Loading: Edge Wallet
2025-07-27 16:29:51.672: [INFO][Sync] All data types are ready for configure.
2025-07-27 16:29:52.091: [INFO][Sync] Started DataTypeManager configuration, reason: 5
2025-07-27 16:29:52.091: [INFO][Sync] Configuring for: Bookmarks, Preferences, Passwords, Autofill Profiles, Autofill, Extensions, Sessions, Extension settings, History Delete Directives, Device Info, User Consents, Send Tab To Self, Web Apps, History, Saved Tab Group, WebAuthn Credentials, Collection, Edge E Drop, Edge Hub App Usage, Edge Wallet, Encryption Keys, reason: 5, current state: 1
2025-07-27 16:29:52.091: [INFO][SyncEngineBackend::DoStartConfiguration] Start configuration
2025-07-27 16:29:52.092: [INFO][SyncManagerImpl::ConfigureSyncer] Types to download:  with reason: 4
2025-07-27 16:29:52.092: [INFO][SyncEngineBackend::DoFinishConfigureDataTypes] Failed to download types:  and succeeded types: 
2025-07-27 16:29:52.095: [INFO][Sync] ConfigurationDone, failed: , succeeded: , remaining count: 4
2025-07-27 16:29:52.095: [WARN][Sync]     Reconfigure requested while configuration ongoing.
2025-07-27 16:29:52.095: [INFO][Sync] Configuring for: Bookmarks, Preferences, Passwords, Autofill Profiles, Autofill, Extensions, Sessions, Extension settings, History Delete Directives, Device Info, User Consents, Send Tab To Self, Web Apps, History, Saved Tab Group, WebAuthn Credentials, Collection, Edge E Drop, Edge Hub App Usage, Edge Wallet, Encryption Keys, reason: 5, current state: 2
2025-07-27 16:29:52.095: [INFO][Sync] Configure, desired: Bookmarks, Preferences, Passwords, Autofill Profiles, Autofill, Extensions, Sessions, Extension settings, History Delete Directives, Device Info, User Consents, Send Tab To Self, Web Apps, History, Saved Tab Group, WebAuthn Credentials, Collection, Edge E Drop, Edge Hub App Usage, Edge Wallet, Encryption Keys; Allow fail: 
2025-07-27 16:29:52.095: [INFO][Sync] Loading: Passwords
2025-07-27 16:29:52.095: [INFO][Sync] Loading: Autofill Profiles
2025-07-27 16:29:52.095: [INFO][Sync] Loading: Autofill
2025-07-27 16:29:52.104: [INFO][Sync] All data types are ready for configure.
2025-07-27 16:29:52.104: [INFO][SyncManagerImpl::NudgeForInitialDownload] Initial download nudge for Passwords
2025-07-27 16:29:52.105: [INFO][SyncManagerImpl::ConfigureSyncer] Types to download:  with reason: 5
2025-07-27 16:29:52.105: [INFO][SyncEngineBackend::DoFinishConfigureDataTypes] Failed to download types:  and succeeded types: 
2025-07-27 16:29:52.105: [INFO][Sync] ConfigurationDone, failed: , succeeded: , remaining count: 4
2025-07-27 16:29:52.105: [INFO][Sync] Prepare to configure types: Passwords, Encryption Keys
2025-07-27 16:29:52.105: [INFO][SyncManagerImpl::ConfigureSyncer] Types to download: Passwords, Encryption Keys with reason: 5
2025-07-27 16:29:52.105: [INFO][SyncSchedulerImpl::DoConfigurationSyncCycleJob] Blocked types:  and types to download: Passwords, Encryption Keys
2025-07-27 16:29:52.369: [INFO][SyncEngineBackend::DoFinishConfigureDataTypes] Failed to download types:  and succeeded types: Passwords, Encryption Keys
2025-07-27 16:29:52.373: [INFO][Sync] ConfigurationDone, failed: , succeeded: Passwords, Encryption Keys, remaining count: 3
2025-07-27 16:29:52.373: [INFO][SyncManagerImpl::ConfigureSyncer] Types to download:  with reason: 5
2025-07-27 16:29:52.373: [INFO][SyncEngineBackend::DoFinishConfigureDataTypes] Failed to download types:  and succeeded types: 
2025-07-27 16:29:52.374: [INFO][Sync] ConfigurationDone, failed: , succeeded: , remaining count: 2
2025-07-27 16:29:52.374: [INFO][SyncManagerImpl::ConfigureSyncer] Types to download:  with reason: 5
2025-07-27 16:29:52.374: [INFO][SyncEngineBackend::DoFinishConfigureDataTypes] Failed to download types:  and succeeded types: 
2025-07-27 16:29:52.383: [INFO][Sync] ConfigurationDone, failed: , succeeded: , remaining count: 1
2025-07-27 16:29:52.386: [INFO][SyncManagerImpl::ConfigureSyncer] Types to download:  with reason: 5
2025-07-27 16:29:52.386: [INFO][SyncEngineBackend::DoFinishConfigureDataTypes] Failed to download types:  and succeeded types: 
2025-07-27 16:29:52.389: [INFO][Sync] ConfigurationDone, failed: , succeeded: , remaining count: 0
2025-07-27 16:29:52.391: [INFO][Sync]     Configuration completed, state: 7
2025-07-27 16:29:52.392: [INFO][Sync] Configured DataTypeManager: Ok
2025-07-27 16:29:52.399: [INFO][SyncEngineBackend::DoStartSyncing] Start syncing
2025-07-27 16:44:20.625: [INFO][Sync] Reset engine, reason: 0
2025-07-27 16:44:20.625: [INFO][Sync] Reset engine with reason: 0
2025-07-27 19:11:49.115: [INFO][Sync] SyncState after authenticated was: FeatureCanStart
2025-07-27 19:11:49.976: [INFO][Sync] Try to start sync engine
2025-07-27 19:11:49.978: [INFO][SyncManagerImpl::NudgeForInitialDownload] Initial download nudge for Encryption Keys
2025-07-27 19:11:49.978: [INFO][SyncEngineBackend::LoadAndConnectNigoriController] Load and connect Nigori controller
2025-07-27 19:11:49.978: [INFO][SyncEngineBackend::DoInitialize] Control Types added: Encryption Keys
2025-07-27 19:11:49.978: [INFO][SyncManagerImpl::ConfigureSyncer] Types to download: Encryption Keys with reason: 3
2025-07-27 19:11:49.978: [INFO][SyncSchedulerImpl::DoConfigurationSyncCycleJob] Configure job was blocked
2025-07-27 19:11:50.033: [INFO][SyncAuthManager::SetLastAuthError] Current auth error: None
2025-07-27 19:11:50.033: [INFO][SyncAuthManager::EdgeLogTokenErrorState] Token error with: None for account type: MSA
2025-07-27 19:11:50.033: [INFO][Sync] Credentials changed for: EdgeSyncScopeNew
2025-07-27 19:11:51.277: [INFO][SyncAuthManager::SetLastAuthError] Current auth error: None
2025-07-27 19:11:51.277: [INFO][SyncAuthManager::EdgeLogTokenErrorState] Token error with: None for account type: MSA
2025-07-27 19:11:51.277: [INFO][Sync] Credentials changed for: EdgeSyncKeyDataScope
2025-07-27 19:11:51.277: [INFO][SyncEngineBackend::DoUpdateKeyDataCredentials] Update key data credentials
2025-07-27 19:11:51.277: [INFO][SyncEngineBackend::DoUpdateCredentials] Update credentials
2025-07-27 19:11:51.278: [INFO][SyncSchedulerImpl::DoConfigurationSyncCycleJob] Blocked types:  and types to download: Encryption Keys
2025-07-27 19:11:51.644: [INFO][Sync] Started DataTypeManager configuration, reason: 4
2025-07-27 19:11:51.645: [INFO][Sync] Configuring for: Bookmarks, Preferences, Passwords, Autofill Profiles, Autofill, Extensions, Sessions, Extension settings, History Delete Directives, Device Info, User Consents, Send Tab To Self, Web Apps, History, Saved Tab Group, WebAuthn Credentials, Collection, Edge E Drop, Edge Hub App Usage, Edge Wallet, Encryption Keys, reason: 4, current state: 0
2025-07-27 19:11:51.645: [WARN][Sync] Crypto error data types: Passwords, Autofill Profiles, Autofill
2025-07-27 19:11:51.648: [INFO][Sync] Configure, desired: Bookmarks, Preferences, Extensions, Sessions, Extension settings, History Delete Directives, Device Info, User Consents, Send Tab To Self, Web Apps, History, Saved Tab Group, WebAuthn Credentials, Collection, Edge E Drop, Edge Hub App Usage, Edge Wallet, Encryption Keys; Allow fail: Passwords, Autofill Profiles, Autofill
2025-07-27 19:11:51.650: [INFO][Sync] Loading: Bookmarks
2025-07-27 19:11:51.650: [INFO][Sync] Loading: Preferences
2025-07-27 19:11:51.650: [INFO][Sync] Loading: Extensions
2025-07-27 19:11:51.650: [INFO][Sync] Loading: Sessions
2025-07-27 19:11:51.650: [INFO][Sync] Loading: Extension settings
2025-07-27 19:11:51.650: [INFO][Sync] Loading: History Delete Directives
2025-07-27 19:11:51.651: [INFO][Sync] Loading: Device Info
2025-07-27 19:11:51.651: [INFO][Sync] Loading: User Consents
2025-07-27 19:11:51.651: [INFO][Sync] Loading: Send Tab To Self
2025-07-27 19:11:51.651: [INFO][Sync] Loading: Web Apps
2025-07-27 19:11:51.651: [INFO][Sync] Loading: History
2025-07-27 19:11:51.651: [INFO][Sync] Loading: Saved Tab Group
2025-07-27 19:11:51.651: [INFO][Sync] Loading: WebAuthn Credentials
2025-07-27 19:11:51.651: [INFO][Sync] Loading: Collection
2025-07-27 19:11:51.651: [INFO][Sync] Loading: Edge E Drop
2025-07-27 19:11:51.651: [INFO][Sync] Loading: Edge Hub App Usage
2025-07-27 19:11:51.651: [INFO][Sync] Loading: Edge Wallet
2025-07-27 19:11:51.669: [INFO][Sync] All data types are ready for configure.
2025-07-27 19:11:52.060: [INFO][Sync] Started DataTypeManager configuration, reason: 5
2025-07-27 19:11:52.060: [INFO][Sync] Configuring for: Bookmarks, Preferences, Passwords, Autofill Profiles, Autofill, Extensions, Sessions, Extension settings, History Delete Directives, Device Info, User Consents, Send Tab To Self, Web Apps, History, Saved Tab Group, WebAuthn Credentials, Collection, Edge E Drop, Edge Hub App Usage, Edge Wallet, Encryption Keys, reason: 5, current state: 1
2025-07-27 19:11:52.078: [INFO][SyncEngineBackend::DoStartConfiguration] Start configuration
2025-07-27 19:11:52.079: [INFO][SyncManagerImpl::ConfigureSyncer] Types to download:  with reason: 4
2025-07-27 19:11:52.079: [INFO][SyncEngineBackend::DoFinishConfigureDataTypes] Failed to download types:  and succeeded types: 
2025-07-27 19:11:52.080: [INFO][Sync] ConfigurationDone, failed: , succeeded: , remaining count: 4
2025-07-27 19:11:52.080: [WARN][Sync]     Reconfigure requested while configuration ongoing.
2025-07-27 19:11:52.080: [INFO][Sync] Configuring for: Bookmarks, Preferences, Passwords, Autofill Profiles, Autofill, Extensions, Sessions, Extension settings, History Delete Directives, Device Info, User Consents, Send Tab To Self, Web Apps, History, Saved Tab Group, WebAuthn Credentials, Collection, Edge E Drop, Edge Hub App Usage, Edge Wallet, Encryption Keys, reason: 5, current state: 2
2025-07-27 19:11:52.080: [INFO][Sync] Configure, desired: Bookmarks, Preferences, Passwords, Autofill Profiles, Autofill, Extensions, Sessions, Extension settings, History Delete Directives, Device Info, User Consents, Send Tab To Self, Web Apps, History, Saved Tab Group, WebAuthn Credentials, Collection, Edge E Drop, Edge Hub App Usage, Edge Wallet, Encryption Keys; Allow fail: 
2025-07-27 19:11:52.080: [INFO][Sync] Loading: Passwords
2025-07-27 19:11:52.080: [INFO][Sync] Loading: Autofill Profiles
2025-07-27 19:11:52.080: [INFO][Sync] Loading: Autofill
2025-07-27 19:11:52.081: [INFO][Sync] All data types are ready for configure.
2025-07-27 19:11:52.081: [INFO][SyncManagerImpl::NudgeForInitialDownload] Initial download nudge for Passwords
2025-07-27 19:11:52.082: [INFO][SyncManagerImpl::ConfigureSyncer] Types to download:  with reason: 5
2025-07-27 19:11:52.083: [INFO][SyncEngineBackend::DoFinishConfigureDataTypes] Failed to download types:  and succeeded types: 
2025-07-27 19:11:52.083: [INFO][Sync] ConfigurationDone, failed: , succeeded: , remaining count: 4
2025-07-27 19:11:52.083: [INFO][Sync] Prepare to configure types: Passwords, Encryption Keys
2025-07-27 19:11:52.083: [INFO][SyncManagerImpl::ConfigureSyncer] Types to download: Passwords, Encryption Keys with reason: 5
2025-07-27 19:11:52.083: [INFO][SyncSchedulerImpl::DoConfigurationSyncCycleJob] Blocked types:  and types to download: Passwords, Encryption Keys
2025-07-27 19:11:52.402: [INFO][SyncEngineBackend::DoFinishConfigureDataTypes] Failed to download types:  and succeeded types: Passwords, Encryption Keys
2025-07-27 19:11:52.408: [INFO][Sync] ConfigurationDone, failed: , succeeded: Passwords, Encryption Keys, remaining count: 3
2025-07-27 19:11:52.408: [INFO][SyncManagerImpl::ConfigureSyncer] Types to download:  with reason: 5
2025-07-27 19:11:52.408: [INFO][SyncEngineBackend::DoFinishConfigureDataTypes] Failed to download types:  and succeeded types: 
2025-07-27 19:11:52.408: [INFO][Sync] ConfigurationDone, failed: , succeeded: , remaining count: 2
2025-07-27 19:11:52.408: [INFO][SyncManagerImpl::ConfigureSyncer] Types to download:  with reason: 5
2025-07-27 19:11:52.408: [INFO][SyncEngineBackend::DoFinishConfigureDataTypes] Failed to download types:  and succeeded types: 
2025-07-27 19:11:52.410: [INFO][Sync] ConfigurationDone, failed: , succeeded: , remaining count: 1
2025-07-27 19:11:52.418: [INFO][SyncManagerImpl::ConfigureSyncer] Types to download:  with reason: 5
2025-07-27 19:11:52.418: [INFO][SyncEngineBackend::DoFinishConfigureDataTypes] Failed to download types:  and succeeded types: 
2025-07-27 19:11:52.425: [INFO][Sync] ConfigurationDone, failed: , succeeded: , remaining count: 0
2025-07-27 19:11:52.426: [INFO][Sync]     Configuration completed, state: 7
2025-07-27 19:11:52.426: [INFO][Sync] Configured DataTypeManager: Ok
2025-07-27 19:11:52.443: [INFO][SyncEngineBackend::DoStartSyncing] Start syncing
2025-07-27 19:12:13.450: [INFO][Sync] Reset engine, reason: 0
2025-07-27 19:12:13.450: [INFO][Sync] Reset engine with reason: 0
2025-07-27 19:40:57.241: [INFO][Sync] SyncState after authenticated was: FeatureCanStart
2025-07-27 19:41:01.194: [INFO][Sync] Try to start sync engine
2025-07-27 19:41:01.302: [INFO][SyncManagerImpl::NudgeForInitialDownload] Initial download nudge for Encryption Keys
2025-07-27 19:41:01.302: [INFO][SyncEngineBackend::LoadAndConnectNigoriController] Load and connect Nigori controller
2025-07-27 19:41:01.302: [INFO][SyncEngineBackend::DoInitialize] Control Types added: Encryption Keys
2025-07-27 19:41:01.302: [INFO][SyncManagerImpl::ConfigureSyncer] Types to download: Encryption Keys with reason: 3
2025-07-27 19:41:01.302: [INFO][SyncSchedulerImpl::DoConfigurationSyncCycleJob] Configure job was blocked
2025-07-27 19:41:01.368: [INFO][SyncAuthManager::SetLastAuthError] Current auth error: None
2025-07-27 19:41:01.368: [INFO][SyncAuthManager::EdgeLogTokenErrorState] Token error with: None for account type: MSA
2025-07-27 19:41:01.368: [INFO][Sync] Credentials changed for: EdgeSyncScopeNew
2025-07-27 19:41:03.288: [INFO][SyncAuthManager::SetLastAuthError] Current auth error: None
2025-07-27 19:41:03.288: [INFO][SyncAuthManager::EdgeLogTokenErrorState] Token error with: None for account type: MSA
2025-07-27 19:41:03.289: [INFO][Sync] Credentials changed for: EdgeSyncKeyDataScope
2025-07-27 19:41:03.290: [INFO][SyncEngineBackend::DoUpdateKeyDataCredentials] Update key data credentials
2025-07-27 19:41:03.290: [INFO][SyncEngineBackend::DoUpdateCredentials] Update credentials
2025-07-27 19:41:03.290: [INFO][SyncSchedulerImpl::DoConfigurationSyncCycleJob] Blocked types:  and types to download: Encryption Keys
2025-07-27 19:41:03.649: [INFO][Sync] Started DataTypeManager configuration, reason: 4
2025-07-27 19:41:03.651: [INFO][Sync] Configuring for: Bookmarks, Preferences, Passwords, Autofill Profiles, Autofill, Extensions, Sessions, Extension settings, History Delete Directives, Device Info, User Consents, Send Tab To Self, Web Apps, History, Saved Tab Group, WebAuthn Credentials, Collection, Edge E Drop, Edge Hub App Usage, Edge Wallet, Encryption Keys, reason: 4, current state: 0
2025-07-27 19:41:03.651: [WARN][Sync] Crypto error data types: Passwords, Autofill Profiles, Autofill
2025-07-27 19:41:03.655: [INFO][Sync] Configure, desired: Bookmarks, Preferences, Extensions, Sessions, Extension settings, History Delete Directives, Device Info, User Consents, Send Tab To Self, Web Apps, History, Saved Tab Group, WebAuthn Credentials, Collection, Edge E Drop, Edge Hub App Usage, Edge Wallet, Encryption Keys; Allow fail: Passwords, Autofill Profiles, Autofill
2025-07-27 19:41:03.655: [INFO][Sync] Loading: Bookmarks
2025-07-27 19:41:03.656: [INFO][Sync] Loading: Preferences
2025-07-27 19:41:03.656: [INFO][Sync] Loading: Extensions
2025-07-27 19:41:03.657: [INFO][Sync] Loading: Sessions
2025-07-27 19:41:03.657: [INFO][Sync] Loading: Extension settings
2025-07-27 19:41:03.657: [INFO][Sync] Loading: History Delete Directives
2025-07-27 19:41:03.658: [INFO][Sync] Loading: Device Info
2025-07-27 19:41:03.658: [INFO][Sync] Loading: User Consents
2025-07-27 19:41:03.658: [INFO][Sync] Loading: Send Tab To Self
2025-07-27 19:41:03.658: [INFO][Sync] Loading: Web Apps
2025-07-27 19:41:03.658: [INFO][Sync] Loading: History
2025-07-27 19:41:03.658: [INFO][Sync] Loading: Saved Tab Group
2025-07-27 19:41:03.658: [INFO][Sync] Loading: WebAuthn Credentials
2025-07-27 19:41:03.658: [INFO][Sync] Loading: Collection
2025-07-27 19:41:03.658: [INFO][Sync] Loading: Edge E Drop
2025-07-27 19:41:03.658: [INFO][Sync] Loading: Edge Hub App Usage
2025-07-27 19:41:03.658: [INFO][Sync] Loading: Edge Wallet
2025-07-27 19:41:03.687: [INFO][Sync] All data types are ready for configure.
2025-07-27 19:41:04.209: [INFO][Sync] Started DataTypeManager configuration, reason: 5
2025-07-27 19:41:04.209: [INFO][Sync] Configuring for: Bookmarks, Preferences, Passwords, Autofill Profiles, Autofill, Extensions, Sessions, Extension settings, History Delete Directives, Device Info, User Consents, Send Tab To Self, Web Apps, History, Saved Tab Group, WebAuthn Credentials, Collection, Edge E Drop, Edge Hub App Usage, Edge Wallet, Encryption Keys, reason: 5, current state: 1
2025-07-27 19:41:04.211: [INFO][SyncEngineBackend::DoStartConfiguration] Start configuration
2025-07-27 19:41:04.212: [INFO][SyncManagerImpl::ConfigureSyncer] Types to download:  with reason: 4
2025-07-27 19:41:04.212: [INFO][SyncEngineBackend::DoFinishConfigureDataTypes] Failed to download types:  and succeeded types: 
2025-07-27 19:41:04.214: [INFO][Sync] ConfigurationDone, failed: , succeeded: , remaining count: 4
2025-07-27 19:41:04.214: [WARN][Sync]     Reconfigure requested while configuration ongoing.
2025-07-27 19:41:04.214: [INFO][Sync] Configuring for: Bookmarks, Preferences, Passwords, Autofill Profiles, Autofill, Extensions, Sessions, Extension settings, History Delete Directives, Device Info, User Consents, Send Tab To Self, Web Apps, History, Saved Tab Group, WebAuthn Credentials, Collection, Edge E Drop, Edge Hub App Usage, Edge Wallet, Encryption Keys, reason: 5, current state: 2
2025-07-27 19:41:04.214: [INFO][Sync] Configure, desired: Bookmarks, Preferences, Passwords, Autofill Profiles, Autofill, Extensions, Sessions, Extension settings, History Delete Directives, Device Info, User Consents, Send Tab To Self, Web Apps, History, Saved Tab Group, WebAuthn Credentials, Collection, Edge E Drop, Edge Hub App Usage, Edge Wallet, Encryption Keys; Allow fail: 
2025-07-27 19:41:04.214: [INFO][Sync] Loading: Passwords
2025-07-27 19:41:04.214: [INFO][Sync] Loading: Autofill Profiles
2025-07-27 19:41:04.214: [INFO][Sync] Loading: Autofill
2025-07-27 19:41:04.220: [INFO][Sync] All data types are ready for configure.
2025-07-27 19:41:04.221: [INFO][SyncManagerImpl::NudgeForInitialDownload] Initial download nudge for Passwords
2025-07-27 19:41:04.221: [INFO][SyncManagerImpl::ConfigureSyncer] Types to download:  with reason: 5
2025-07-27 19:41:04.221: [INFO][SyncEngineBackend::DoFinishConfigureDataTypes] Failed to download types:  and succeeded types: 
2025-07-27 19:41:04.222: [INFO][Sync] ConfigurationDone, failed: , succeeded: , remaining count: 4
2025-07-27 19:41:04.222: [INFO][Sync] Prepare to configure types: Passwords, Encryption Keys
2025-07-27 19:41:04.222: [INFO][SyncManagerImpl::ConfigureSyncer] Types to download: Passwords, Encryption Keys with reason: 5
2025-07-27 19:41:04.222: [INFO][SyncSchedulerImpl::DoConfigurationSyncCycleJob] Blocked types:  and types to download: Passwords, Encryption Keys
2025-07-27 19:41:04.552: [INFO][SyncEngineBackend::DoFinishConfigureDataTypes] Failed to download types:  and succeeded types: Passwords, Encryption Keys
2025-07-27 19:41:04.560: [INFO][Sync] ConfigurationDone, failed: , succeeded: Passwords, Encryption Keys, remaining count: 3
2025-07-27 19:41:04.560: [INFO][SyncManagerImpl::ConfigureSyncer] Types to download:  with reason: 5
2025-07-27 19:41:04.560: [INFO][SyncEngineBackend::DoFinishConfigureDataTypes] Failed to download types:  and succeeded types: 
2025-07-27 19:41:04.563: [INFO][Sync] ConfigurationDone, failed: , succeeded: , remaining count: 2
2025-07-27 19:41:04.563: [INFO][SyncManagerImpl::ConfigureSyncer] Types to download:  with reason: 5
2025-07-27 19:41:04.563: [INFO][SyncEngineBackend::DoFinishConfigureDataTypes] Failed to download types:  and succeeded types: 
2025-07-27 19:41:04.570: [INFO][Sync] ConfigurationDone, failed: , succeeded: , remaining count: 1
2025-07-27 19:41:04.574: [INFO][SyncManagerImpl::ConfigureSyncer] Types to download:  with reason: 5
2025-07-27 19:41:04.574: [INFO][SyncEngineBackend::DoFinishConfigureDataTypes] Failed to download types:  and succeeded types: 
2025-07-27 19:41:04.574: [INFO][Sync] ConfigurationDone, failed: , succeeded: , remaining count: 0
2025-07-27 19:41:04.577: [INFO][Sync]     Configuration completed, state: 7
2025-07-27 19:41:04.584: [INFO][Sync] Configured DataTypeManager: Ok
2025-07-27 19:41:04.600: [INFO][SyncEngineBackend::DoStartSyncing] Start syncing
2025-07-27 19:42:24.473: [INFO][Sync] Reset engine, reason: 0
2025-07-27 19:42:24.473: [INFO][Sync] Reset engine with reason: 0
2025-07-28 00:28:29.090: [INFO][Sync] SyncState after authenticated was: FeatureNotRequestedNotSetup
2025-07-28 00:28:29.285: [INFO][Sync] Try to start sync engine
2025-07-28 00:28:29.289: [INFO][SyncManagerImpl::NudgeForInitialDownload] Initial download nudge for Encryption Keys
2025-07-28 00:28:29.289: [INFO][SyncEngineBackend::LoadAndConnectNigoriController] Load and connect Nigori controller
2025-07-28 00:28:29.289: [INFO][SyncEngineBackend::DoInitialize] Control Types added: Encryption Keys
2025-07-28 00:28:29.289: [INFO][SyncManagerImpl::ConfigureSyncer] Types to download: Encryption Keys with reason: 3
2025-07-28 00:28:29.291: [INFO][SyncSchedulerImpl::DoConfigurationSyncCycleJob] Configure job was blocked
2025-07-28 00:28:29.409: [INFO][SyncAuthManager::SetLastAuthError] Current auth error: None
2025-07-28 00:28:29.409: [INFO][SyncAuthManager::EdgeLogTokenErrorState] Token error with: None for account type: MSA
2025-07-28 00:28:29.409: [INFO][Sync] Credentials changed for: EdgeSyncScopeNew
2025-07-28 00:29:51.242: [INFO][Sync] Reset engine, reason: 0
2025-07-28 00:29:51.242: [INFO][Sync] Reset engine with reason: 0
2025-07-28 18:49:54.883: [INFO][Sync] SyncState after authenticated was: FeatureNotRequestedNotSetup
2025-07-28 18:49:55.131: [INFO][Sync] Try to start sync engine
2025-07-28 18:49:55.134: [INFO][SyncManagerImpl::NudgeForInitialDownload] Initial download nudge for Encryption Keys
2025-07-28 18:49:55.134: [INFO][SyncEngineBackend::LoadAndConnectNigoriController] Load and connect Nigori controller
2025-07-28 18:49:55.134: [INFO][SyncEngineBackend::DoInitialize] Control Types added: Encryption Keys
2025-07-28 18:49:55.134: [INFO][SyncManagerImpl::ConfigureSyncer] Types to download: Encryption Keys with reason: 3
2025-07-28 18:49:55.134: [INFO][SyncSchedulerImpl::DoConfigurationSyncCycleJob] Configure job was blocked
2025-07-28 18:49:55.300: [INFO][SyncAuthManager::SetLastAuthError] Current auth error: None
2025-07-28 18:49:55.300: [INFO][SyncAuthManager::EdgeLogTokenErrorState] Token error with: None for account type: MSA
2025-07-28 18:49:55.300: [INFO][Sync] Credentials changed for: EdgeSyncScopeNew
2025-07-28 18:59:54.173: [INFO][Sync] Reset engine, reason: 0
2025-07-28 18:59:54.173: [INFO][Sync] Reset engine with reason: 0
2025-07-28 20:46:21.079: [INFO][Sync] SyncState after authenticated was: FeatureNotRequestedNotSetup
2025-07-28 20:46:21.379: [INFO][Sync] Try to start sync engine
2025-07-28 20:46:21.384: [INFO][SyncManagerImpl::NudgeForInitialDownload] Initial download nudge for Encryption Keys
2025-07-28 20:46:21.384: [INFO][SyncEngineBackend::LoadAndConnectNigoriController] Load and connect Nigori controller
2025-07-28 20:46:21.384: [INFO][SyncEngineBackend::DoInitialize] Control Types added: Encryption Keys
2025-07-28 20:46:21.384: [INFO][SyncManagerImpl::ConfigureSyncer] Types to download: Encryption Keys with reason: 3
2025-07-28 20:46:21.384: [INFO][SyncSchedulerImpl::DoConfigurationSyncCycleJob] Configure job was blocked
2025-07-28 20:46:21.698: [INFO][SyncAuthManager::SetLastAuthError] Current auth error: None
2025-07-28 20:46:21.699: [INFO][SyncAuthManager::EdgeLogTokenErrorState] Token error with: None for account type: MSA
2025-07-28 20:46:21.699: [INFO][Sync] Credentials changed for: EdgeSyncScopeNew
2025-07-28 20:51:55.544: [INFO][Sync] Reset engine, reason: 0
2025-07-28 20:51:55.544: [INFO][Sync] Reset engine with reason: 0
